[ 2015-03-27T00:18:07+08:00 ] 0.0.0.0 /zebra/index.php/follow/viewmajors/user_id/578
INFO: [ route_check ] --START--
INFO: CheckRoute Behavior ::run [ RunTime:0.002879s ]
INFO: [ route_check ] --END-- [ RunTime:0.004649s ]
NOTIC: [8192] preg_replace(): The /e modifier is deprecated, use preg_replace_callback instead /Users/dingyou/server/zebra/ThinkPHP/Lib/Core/Dispatcher.class.php 第 132 行.
INFO: [ app_begin ] --START--
INFO: ReadHtmlCache Behavior ::run [ RunTime:0.001384s ]
INFO: [ app_begin ] --END-- [ RunTime:0.002670s ]
NOTIC: [8192] mysql_connect(): The mysql extension is deprecated and will be removed in the future: use mysqli or PDO instead /Users/dingyou/server/zebra/ThinkPHP/Lib/Driver/Db/DbMysql.class.php 第 55 行.
SQL: SHOW COLUMNS FROM `zebra_follow` [ RunTime:0.088223s ]
NOTIC: [8192] preg_replace(): The /e modifier is deprecated, use preg_replace_callback instead /Users/dingyou/server/zebra/ThinkPHP/Lib/Core/Db.class.php 第 605 行.
SQL: SELECT major.major_id,major.major_name,major.deadline,department.department_name,university.university_name FROM `zebra_major` `major`,`zebra_follow` `follow`,`zebra_department` `department`,`zebra_university` `university` WHERE ( follow.major_id=major.major_idAND major.department_id=department.department_id AND department.university_id=university.university_id AND university.district_id=district.district_id AND follow.user_id=578 )  [ RunTime:0.008908s ]
ERR: 1064:You have an error in your SQL syntax; check the manual that corresponds to your MySQL server version for the right syntax to use near 'major.department_id=department.department_id AND department.university_id=univer' at line 1
 [ SQL语句 ] : SELECT major.major_id,major.major_name,major.deadline,department.department_name,university.university_name FROM `zebra_major` `major`,`zebra_follow` `follow`,`zebra_department` `department`,`zebra_university` `university` WHERE ( follow.major_id=major.major_idAND major.department_id=department.department_id AND department.university_id=university.university_id AND university.district_id=district.district_id AND follow.user_id=578 ) 

[ 2015-03-27T00:18:35+08:00 ] 0.0.0.0 /zebra/index.php/follow/viewmajors/user_id/578
INFO: [ route_check ] --START--
INFO: CheckRoute Behavior ::run [ RunTime:0.001649s ]
INFO: [ route_check ] --END-- [ RunTime:0.002172s ]
NOTIC: [8192] preg_replace(): The /e modifier is deprecated, use preg_replace_callback instead /Users/dingyou/server/zebra/ThinkPHP/Lib/Core/Dispatcher.class.php 第 132 行.
INFO: [ app_begin ] --START--
INFO: ReadHtmlCache Behavior ::run [ RunTime:0.000460s ]
INFO: [ app_begin ] --END-- [ RunTime:0.002974s ]
NOTIC: [8192] mysql_connect(): The mysql extension is deprecated and will be removed in the future: use mysqli or PDO instead /Users/dingyou/server/zebra/ThinkPHP/Lib/Driver/Db/DbMysql.class.php 第 55 行.
SQL: SHOW COLUMNS FROM `zebra_follow` [ RunTime:0.003874s ]
NOTIC: [8192] preg_replace(): The /e modifier is deprecated, use preg_replace_callback instead /Users/dingyou/server/zebra/ThinkPHP/Lib/Core/Db.class.php 第 605 行.
SQL: SELECT major.major_id,major.major_name,major.deadline,department.department_name,university.university_name FROM `zebra_major` `major`,`zebra_follow` `follow`,`zebra_department` `department`,`zebra_university` `university` WHERE ( follow.major_id=major.major_idAND major.department_id=department.department_id AND department.university_id=university.university_id AND follow.user_id=578 )  [ RunTime:0.000222s ]
ERR: 1064:You have an error in your SQL syntax; check the manual that corresponds to your MySQL server version for the right syntax to use near 'major.department_id=department.department_id AND department.university_id=univer' at line 1
 [ SQL语句 ] : SELECT major.major_id,major.major_name,major.deadline,department.department_name,university.university_name FROM `zebra_major` `major`,`zebra_follow` `follow`,`zebra_department` `department`,`zebra_university` `university` WHERE ( follow.major_id=major.major_idAND major.department_id=department.department_id AND department.university_id=university.university_id AND follow.user_id=578 ) 

[ 2015-03-27T00:18:52+08:00 ] 0.0.0.0 /zebra/index.php/follow/viewmajors/user_id/578
INFO: [ route_check ] --START--
INFO: CheckRoute Behavior ::run [ RunTime:0.001727s ]
INFO: [ route_check ] --END-- [ RunTime:0.002275s ]
NOTIC: [8192] preg_replace(): The /e modifier is deprecated, use preg_replace_callback instead /Users/dingyou/server/zebra/ThinkPHP/Lib/Core/Dispatcher.class.php 第 132 行.
INFO: [ app_begin ] --START--
INFO: ReadHtmlCache Behavior ::run [ RunTime:0.000462s ]
INFO: [ app_begin ] --END-- [ RunTime:0.002650s ]
NOTIC: [8192] mysql_connect(): The mysql extension is deprecated and will be removed in the future: use mysqli or PDO instead /Users/dingyou/server/zebra/ThinkPHP/Lib/Driver/Db/DbMysql.class.php 第 55 行.
SQL: SHOW COLUMNS FROM `zebra_follow` [ RunTime:0.003689s ]
NOTIC: [8192] preg_replace(): The /e modifier is deprecated, use preg_replace_callback instead /Users/dingyou/server/zebra/ThinkPHP/Lib/Core/Db.class.php 第 605 行.
SQL: SELECT major.major_id,major.major_name,major.deadline,department.department_name,university.university_name FROM `zebra_major` `major`,`zebra_follow` `follow`,`zebra_department` `department`,`zebra_university` `university` WHERE ( follow.major_id=major.major_id AND major.department_id=department.department_id AND department.university_id=university.university_id AND follow.user_id=578 )  [ RunTime:0.108553s ]

[ 2015-03-27T00:18:59+08:00 ] 0.0.0.0 /zebra/index.php/follow/viewmajors/user_id/2
INFO: [ route_check ] --START--
INFO: CheckRoute Behavior ::run [ RunTime:0.001385s ]
INFO: [ route_check ] --END-- [ RunTime:0.001953s ]
NOTIC: [8192] preg_replace(): The /e modifier is deprecated, use preg_replace_callback instead /Users/dingyou/server/zebra/ThinkPHP/Lib/Core/Dispatcher.class.php 第 132 行.
INFO: [ app_begin ] --START--
INFO: ReadHtmlCache Behavior ::run [ RunTime:0.000418s ]
INFO: [ app_begin ] --END-- [ RunTime:0.000496s ]
NOTIC: [8192] mysql_connect(): The mysql extension is deprecated and will be removed in the future: use mysqli or PDO instead /Users/dingyou/server/zebra/ThinkPHP/Lib/Driver/Db/DbMysql.class.php 第 55 行.
SQL: SHOW COLUMNS FROM `zebra_follow` [ RunTime:0.004515s ]
NOTIC: [8192] preg_replace(): The /e modifier is deprecated, use preg_replace_callback instead /Users/dingyou/server/zebra/ThinkPHP/Lib/Core/Db.class.php 第 605 行.
SQL: SELECT major.major_id,major.major_name,major.deadline,department.department_name,university.university_name FROM `zebra_major` `major`,`zebra_follow` `follow`,`zebra_department` `department`,`zebra_university` `university` WHERE ( follow.major_id=major.major_id AND major.department_id=department.department_id AND department.university_id=university.university_id AND follow.user_id=2 )  [ RunTime:0.008402s ]

[ 2015-03-27T00:19:12+08:00 ] 0.0.0.0 /zebra/index.php/follow/viewmajors/user_id/3
INFO: [ route_check ] --START--
INFO: CheckRoute Behavior ::run [ RunTime:0.001984s ]
INFO: [ route_check ] --END-- [ RunTime:0.002527s ]
NOTIC: [8192] preg_replace(): The /e modifier is deprecated, use preg_replace_callback instead /Users/dingyou/server/zebra/ThinkPHP/Lib/Core/Dispatcher.class.php 第 132 行.
INFO: [ app_begin ] --START--
INFO: ReadHtmlCache Behavior ::run [ RunTime:0.000784s ]
INFO: [ app_begin ] --END-- [ RunTime:0.000864s ]
NOTIC: [8192] mysql_connect(): The mysql extension is deprecated and will be removed in the future: use mysqli or PDO instead /Users/dingyou/server/zebra/ThinkPHP/Lib/Driver/Db/DbMysql.class.php 第 55 行.
SQL: SHOW COLUMNS FROM `zebra_follow` [ RunTime:0.005825s ]
NOTIC: [8192] preg_replace(): The /e modifier is deprecated, use preg_replace_callback instead /Users/dingyou/server/zebra/ThinkPHP/Lib/Core/Db.class.php 第 605 行.
SQL: SELECT major.major_id,major.major_name,major.deadline,department.department_name,university.university_name FROM `zebra_major` `major`,`zebra_follow` `follow`,`zebra_department` `department`,`zebra_university` `university` WHERE ( follow.major_id=major.major_id AND major.department_id=department.department_id AND department.university_id=university.university_id AND follow.user_id=3 )  [ RunTime:0.005120s ]

[ 2015-03-27T00:19:15+08:00 ] 0.0.0.0 /zebra/index.php/follow/viewmajors/user_id/4
INFO: [ route_check ] --START--
INFO: CheckRoute Behavior ::run [ RunTime:0.000862s ]
INFO: [ route_check ] --END-- [ RunTime:0.000975s ]
NOTIC: [8192] preg_replace(): The /e modifier is deprecated, use preg_replace_callback instead /Users/dingyou/server/zebra/ThinkPHP/Lib/Core/Dispatcher.class.php 第 132 行.
INFO: [ app_begin ] --START--
INFO: ReadHtmlCache Behavior ::run [ RunTime:0.000587s ]
INFO: [ app_begin ] --END-- [ RunTime:0.000764s ]
NOTIC: [8192] mysql_connect(): The mysql extension is deprecated and will be removed in the future: use mysqli or PDO instead /Users/dingyou/server/zebra/ThinkPHP/Lib/Driver/Db/DbMysql.class.php 第 55 行.
SQL: SHOW COLUMNS FROM `zebra_follow` [ RunTime:0.002487s ]
NOTIC: [8192] preg_replace(): The /e modifier is deprecated, use preg_replace_callback instead /Users/dingyou/server/zebra/ThinkPHP/Lib/Core/Db.class.php 第 605 行.
SQL: SELECT major.major_id,major.major_name,major.deadline,department.department_name,university.university_name FROM `zebra_major` `major`,`zebra_follow` `follow`,`zebra_department` `department`,`zebra_university` `university` WHERE ( follow.major_id=major.major_id AND major.department_id=department.department_id AND department.university_id=university.university_id AND follow.user_id=4 )  [ RunTime:0.020274s ]

[ 2015-03-27T00:19:26+08:00 ] 0.0.0.0 /zebra/index.php/follow/viewall
INFO: [ route_check ] --START--
INFO: CheckRoute Behavior ::run [ RunTime:0.000891s ]
INFO: [ route_check ] --END-- [ RunTime:0.001000s ]
NOTIC: [8192] preg_replace(): The /e modifier is deprecated, use preg_replace_callback instead /Users/dingyou/server/zebra/ThinkPHP/Lib/Core/Dispatcher.class.php 第 132 行.
INFO: [ app_begin ] --START--
INFO: ReadHtmlCache Behavior ::run [ RunTime:0.000554s ]
INFO: [ app_begin ] --END-- [ RunTime:0.000628s ]
NOTIC: [8192] mysql_connect(): The mysql extension is deprecated and will be removed in the future: use mysqli or PDO instead /Users/dingyou/server/zebra/ThinkPHP/Lib/Driver/Db/DbMysql.class.php 第 55 行.
SQL: SHOW COLUMNS FROM `zebra_follow` [ RunTime:0.001297s ]
NOTIC: [8192] preg_replace(): The /e modifier is deprecated, use preg_replace_callback instead /Users/dingyou/server/zebra/ThinkPHP/Lib/Core/Db.class.php 第 605 行.
SQL: SELECT * FROM `zebra_follow`  [ RunTime:0.146909s ]

[ 2015-03-27T00:20:21+08:00 ] 0.0.0.0 /zebra/index.php/follow/viewall
INFO: [ route_check ] --START--
INFO: CheckRoute Behavior ::run [ RunTime:0.001425s ]
INFO: [ route_check ] --END-- [ RunTime:0.001927s ]
NOTIC: [8192] preg_replace(): The /e modifier is deprecated, use preg_replace_callback instead /Users/dingyou/server/zebra/ThinkPHP/Lib/Core/Dispatcher.class.php 第 132 行.
INFO: [ app_begin ] --START--
INFO: ReadHtmlCache Behavior ::run [ RunTime:0.000411s ]
INFO: [ app_begin ] --END-- [ RunTime:0.000493s ]
NOTIC: [8192] mysql_connect(): The mysql extension is deprecated and will be removed in the future: use mysqli or PDO instead /Users/dingyou/server/zebra/ThinkPHP/Lib/Driver/Db/DbMysql.class.php 第 55 行.
SQL: SHOW COLUMNS FROM `zebra_follow` [ RunTime:0.006272s ]
NOTIC: [8192] preg_replace(): The /e modifier is deprecated, use preg_replace_callback instead /Users/dingyou/server/zebra/ThinkPHP/Lib/Core/Db.class.php 第 605 行.
SQL: SELECT * FROM `zebra_follow` GROUP BY user_id ORDER BY user_id  [ RunTime:0.107863s ]

[ 2015-03-27T00:21:21+08:00 ] 0.0.0.0 /zebra/index.php/follow/viewall
INFO: [ route_check ] --START--
INFO: CheckRoute Behavior ::run [ RunTime:0.000975s ]
INFO: [ route_check ] --END-- [ RunTime:0.001075s ]
NOTIC: [8192] preg_replace(): The /e modifier is deprecated, use preg_replace_callback instead /Users/dingyou/server/zebra/ThinkPHP/Lib/Core/Dispatcher.class.php 第 132 行.
INFO: [ app_begin ] --START--
INFO: ReadHtmlCache Behavior ::run [ RunTime:0.000670s ]
INFO: [ app_begin ] --END-- [ RunTime:0.000731s ]
NOTIC: [8192] mysql_connect(): The mysql extension is deprecated and will be removed in the future: use mysqli or PDO instead /Users/dingyou/server/zebra/ThinkPHP/Lib/Driver/Db/DbMysql.class.php 第 55 行.
SQL: SHOW COLUMNS FROM `zebra_follow` [ RunTime:0.003159s ]
NOTIC: [8192] preg_replace(): The /e modifier is deprecated, use preg_replace_callback instead /Users/dingyou/server/zebra/ThinkPHP/Lib/Core/Db.class.php 第 605 行.
SQL: SELECT * FROM `zebra_follow` ORDER BY user_id  [ RunTime:0.091461s ]

[ 2015-03-27T00:21:57+08:00 ] 0.0.0.0 /zebra/index.php/follow/viewmajors/user_id/2
INFO: [ route_check ] --START--
INFO: CheckRoute Behavior ::run [ RunTime:0.001067s ]
INFO: [ route_check ] --END-- [ RunTime:0.001155s ]
NOTIC: [8192] preg_replace(): The /e modifier is deprecated, use preg_replace_callback instead /Users/dingyou/server/zebra/ThinkPHP/Lib/Core/Dispatcher.class.php 第 132 行.
INFO: [ app_begin ] --START--
INFO: ReadHtmlCache Behavior ::run [ RunTime:0.000791s ]
INFO: [ app_begin ] --END-- [ RunTime:0.000879s ]
NOTIC: [8192] mysql_connect(): The mysql extension is deprecated and will be removed in the future: use mysqli or PDO instead /Users/dingyou/server/zebra/ThinkPHP/Lib/Driver/Db/DbMysql.class.php 第 55 行.
SQL: SHOW COLUMNS FROM `zebra_follow` [ RunTime:0.001911s ]
NOTIC: [8192] preg_replace(): The /e modifier is deprecated, use preg_replace_callback instead /Users/dingyou/server/zebra/ThinkPHP/Lib/Core/Db.class.php 第 605 行.
SQL: SELECT major.major_id,major.major_name,major.deadline,department.department_name,university.university_name FROM `zebra_major` `major`,`zebra_follow` `follow`,`zebra_department` `department`,`zebra_university` `university` WHERE ( follow.major_id=major.major_id AND major.department_id=department.department_id AND department.university_id=university.university_id AND follow.user_id=2 )  [ RunTime:0.002299s ]

[ 2015-03-27T01:12:43+08:00 ] 0.0.0.0 /zebra/index.php/follow/viewmajor/user_id/2
INFO: [ route_check ] --START--
INFO: CheckRoute Behavior ::run [ RunTime:0.002112s ]
INFO: [ route_check ] --END-- [ RunTime:0.002740s ]
NOTIC: [8192] preg_replace(): The /e modifier is deprecated, use preg_replace_callback instead /Users/dingyou/server/zebra/ThinkPHP/Lib/Core/Dispatcher.class.php 第 132 行.
INFO: [ app_begin ] --START--
INFO: ReadHtmlCache Behavior ::run [ RunTime:0.001074s ]
INFO: [ app_begin ] --END-- [ RunTime:0.002108s ]
NOTIC: [8192] mysql_connect(): The mysql extension is deprecated and will be removed in the future: use mysqli or PDO instead /Users/dingyou/server/zebra/ThinkPHP/Lib/Driver/Db/DbMysql.class.php 第 55 行.
SQL: SHOW COLUMNS FROM `zebra_follow` [ RunTime:0.006494s ]
NOTIC: [8192] preg_replace(): The /e modifier is deprecated, use preg_replace_callback instead /Users/dingyou/server/zebra/ThinkPHP/Lib/Core/Db.class.php 第 605 行.
SQL: SELECT major.major_id,major.major_name,major.deadline,department.department_name,university.university_name FROM `zebra_major` `major`,`zebra_follow` `follow`,`zebra_department` `department`,`zebra_university` `university` WHERE ( follow.major_id=major.major_id AND major.department_id=department.department_id AND department.university_id=university.university_id AND follow.user_id=2 )  [ RunTime:0.002423s ]

[ 2015-03-27T01:25:30+08:00 ] 0.0.0.0 /zebra/index.php/follow/viewuser/major_id/2
INFO: [ route_check ] --START--
INFO: CheckRoute Behavior ::run [ RunTime:0.001281s ]
INFO: [ route_check ] --END-- [ RunTime:0.001445s ]
NOTIC: [8192] preg_replace(): The /e modifier is deprecated, use preg_replace_callback instead /Users/dingyou/server/zebra/ThinkPHP/Lib/Core/Dispatcher.class.php 第 132 行.
INFO: [ app_begin ] --START--
INFO: ReadHtmlCache Behavior ::run [ RunTime:0.000835s ]
INFO: [ app_begin ] --END-- [ RunTime:0.000944s ]
NOTIC: [8192] mysql_connect(): The mysql extension is deprecated and will be removed in the future: use mysqli or PDO instead /Users/dingyou/server/zebra/ThinkPHP/Lib/Driver/Db/DbMysql.class.php 第 55 行.
SQL: SHOW COLUMNS FROM `zebra_follow` [ RunTime:0.018758s ]
NOTIC: [8192] preg_replace(): The /e modifier is deprecated, use preg_replace_callback instead /Users/dingyou/server/zebra/ThinkPHP/Lib/Core/Db.class.php 第 605 行.
SQL: SELECT user.nick_name FROM `zebra_user` `user`,`zebra_follow` `follow` WHERE ( follow.user_id=user.user_id AND follow.major_id=2 )  [ RunTime:0.030985s ]

[ 2015-03-27T11:58:38+08:00 ] 0.0.0.0 /zebra/index.php/promotion/viewall
INFO: [ route_check ] --START--
INFO: CheckRoute Behavior ::run [ RunTime:0.002672s ]
INFO: [ route_check ] --END-- [ RunTime:0.005767s ]
NOTIC: [8192] preg_replace(): The /e modifier is deprecated, use preg_replace_callback instead /Users/dingyou/server/zebra/ThinkPHP/Lib/Core/Dispatcher.class.php 第 132 行.
INFO: [ app_begin ] --START--
INFO: ReadHtmlCache Behavior ::run [ RunTime:0.000875s ]
INFO: [ app_begin ] --END-- [ RunTime:0.000954s ]
NOTIC: [8192] mysql_connect(): The mysql extension is deprecated and will be removed in the future: use mysqli or PDO instead /Users/dingyou/server/zebra/ThinkPHP/Lib/Driver/Db/DbMysql.class.php 第 55 行.
SQL: SHOW COLUMNS FROM `zebra_promotion` [ RunTime:0.028269s ]
NOTIC: [8192] preg_replace(): The /e modifier is deprecated, use preg_replace_callback instead /Users/dingyou/server/zebra/ThinkPHP/Lib/Core/Db.class.php 第 605 行.
SQL: SELECT * FROM `zebra_promotion`  [ RunTime:0.001267s ]

[ 2015-03-27T12:26:37+08:00 ] 0.0.0.0 /zebra/index.php/user/viewall
INFO: [ route_check ] --START--
INFO: CheckRoute Behavior ::run [ RunTime:0.001051s ]
INFO: [ route_check ] --END-- [ RunTime:0.003640s ]
NOTIC: [8192] preg_replace(): The /e modifier is deprecated, use preg_replace_callback instead /Users/dingyou/server/zebra/ThinkPHP/Lib/Core/Dispatcher.class.php 第 132 行.
INFO: [ app_begin ] --START--
INFO: ReadHtmlCache Behavior ::run [ RunTime:0.000820s ]
INFO: [ app_begin ] --END-- [ RunTime:0.000899s ]
NOTIC: [8192] mysql_connect(): The mysql extension is deprecated and will be removed in the future: use mysqli or PDO instead /Users/dingyou/server/zebra/ThinkPHP/Lib/Driver/Db/DbMysql.class.php 第 55 行.
SQL: SHOW COLUMNS FROM `zebra_user` [ RunTime:0.065105s ]
NOTIC: [8192] preg_replace(): The /e modifier is deprecated, use preg_replace_callback instead /Users/dingyou/server/zebra/ThinkPHP/Lib/Core/Db.class.php 第 605 行.
SQL: SELECT * FROM `zebra_user`  [ RunTime:0.015055s ]

[ 2015-03-27T12:26:43+08:00 ] 0.0.0.0 /zebra/index.php/user/viewall
INFO: [ route_check ] --START--
INFO: CheckRoute Behavior ::run [ RunTime:0.000574s ]
INFO: [ route_check ] --END-- [ RunTime:0.000703s ]
NOTIC: [8192] preg_replace(): The /e modifier is deprecated, use preg_replace_callback instead /Users/dingyou/server/zebra/ThinkPHP/Lib/Core/Dispatcher.class.php 第 132 行.
INFO: [ app_begin ] --START--
INFO: ReadHtmlCache Behavior ::run [ RunTime:0.000336s ]
INFO: [ app_begin ] --END-- [ RunTime:0.000396s ]
NOTIC: [8192] mysql_connect(): The mysql extension is deprecated and will be removed in the future: use mysqli or PDO instead /Users/dingyou/server/zebra/ThinkPHP/Lib/Driver/Db/DbMysql.class.php 第 55 行.
SQL: SHOW COLUMNS FROM `zebra_user` [ RunTime:0.002453s ]
NOTIC: [8192] preg_replace(): The /e modifier is deprecated, use preg_replace_callback instead /Users/dingyou/server/zebra/ThinkPHP/Lib/Core/Db.class.php 第 605 行.
SQL: SELECT * FROM `zebra_user`  [ RunTime:0.006224s ]

[ 2015-03-27T12:26:47+08:00 ] 0.0.0.0 /zebra/index.php/user/view/2
INFO: [ route_check ] --START--
INFO: CheckRoute Behavior ::run [ RunTime:0.000566s ]
INFO: [ route_check ] --END-- [ RunTime:0.000643s ]
NOTIC: [8192] preg_replace(): The /e modifier is deprecated, use preg_replace_callback instead /Users/dingyou/server/zebra/ThinkPHP/Lib/Core/Dispatcher.class.php 第 132 行.
INFO: [ app_begin ] --START--
INFO: ReadHtmlCache Behavior ::run [ RunTime:0.000359s ]
INFO: [ app_begin ] --END-- [ RunTime:0.000489s ]
NOTIC: [8192] mysql_connect(): The mysql extension is deprecated and will be removed in the future: use mysqli or PDO instead /Users/dingyou/server/zebra/ThinkPHP/Lib/Driver/Db/DbMysql.class.php 第 55 行.
SQL: SHOW COLUMNS FROM `zebra_user` [ RunTime:0.001854s ]
NOTIC: [8192] preg_replace(): The /e modifier is deprecated, use preg_replace_callback instead /Users/dingyou/server/zebra/ThinkPHP/Lib/Core/Db.class.php 第 605 行.
SQL: SELECT user.*,subject.subject_name,country.country_name,experience.experience_name FROM `zebra_user` `user`,`zebra_suject` `subject`,`zebra_country` `country`,`zebra_experience` `experience` WHERE ( user_id= )  [ RunTime:0.005603s ]
ERR: 1064:You have an error in your SQL syntax; check the manual that corresponds to your MySQL server version for the right syntax to use near ')' at line 1
 [ SQL语句 ] : SELECT user.*,subject.subject_name,country.country_name,experience.experience_name FROM `zebra_user` `user`,`zebra_suject` `subject`,`zebra_country` `country`,`zebra_experience` `experience` WHERE ( user_id= ) 

[ 2015-03-27T12:26:50+08:00 ] 0.0.0.0 /zebra/index.php/user/view/3
INFO: [ route_check ] --START--
INFO: CheckRoute Behavior ::run [ RunTime:0.000864s ]
INFO: [ route_check ] --END-- [ RunTime:0.000965s ]
NOTIC: [8192] preg_replace(): The /e modifier is deprecated, use preg_replace_callback instead /Users/dingyou/server/zebra/ThinkPHP/Lib/Core/Dispatcher.class.php 第 132 行.
INFO: [ app_begin ] --START--
INFO: ReadHtmlCache Behavior ::run [ RunTime:0.000512s ]
INFO: [ app_begin ] --END-- [ RunTime:0.000666s ]
NOTIC: [8192] mysql_connect(): The mysql extension is deprecated and will be removed in the future: use mysqli or PDO instead /Users/dingyou/server/zebra/ThinkPHP/Lib/Driver/Db/DbMysql.class.php 第 55 行.
SQL: SHOW COLUMNS FROM `zebra_user` [ RunTime:0.001616s ]
NOTIC: [8192] preg_replace(): The /e modifier is deprecated, use preg_replace_callback instead /Users/dingyou/server/zebra/ThinkPHP/Lib/Core/Db.class.php 第 605 行.
SQL: SELECT user.*,subject.subject_name,country.country_name,experience.experience_name FROM `zebra_user` `user`,`zebra_suject` `subject`,`zebra_country` `country`,`zebra_experience` `experience` WHERE ( user_id= )  [ RunTime:0.000229s ]
ERR: 1064:You have an error in your SQL syntax; check the manual that corresponds to your MySQL server version for the right syntax to use near ')' at line 1
 [ SQL语句 ] : SELECT user.*,subject.subject_name,country.country_name,experience.experience_name FROM `zebra_user` `user`,`zebra_suject` `subject`,`zebra_country` `country`,`zebra_experience` `experience` WHERE ( user_id= ) 

[ 2015-03-27T12:27:08+08:00 ] 0.0.0.0 /zebra/index.php/user/view/3
INFO: [ route_check ] --START--
INFO: CheckRoute Behavior ::run [ RunTime:0.000569s ]
INFO: [ route_check ] --END-- [ RunTime:0.000701s ]
NOTIC: [8192] preg_replace(): The /e modifier is deprecated, use preg_replace_callback instead /Users/dingyou/server/zebra/ThinkPHP/Lib/Core/Dispatcher.class.php 第 132 行.
INFO: [ app_begin ] --START--
INFO: ReadHtmlCache Behavior ::run [ RunTime:0.000622s ]
INFO: [ app_begin ] --END-- [ RunTime:0.000734s ]
NOTIC: [8192] mysql_connect(): The mysql extension is deprecated and will be removed in the future: use mysqli or PDO instead /Users/dingyou/server/zebra/ThinkPHP/Lib/Driver/Db/DbMysql.class.php 第 55 行.
SQL: SHOW COLUMNS FROM `zebra_user` [ RunTime:0.001525s ]
NOTIC: [8192] preg_replace(): The /e modifier is deprecated, use preg_replace_callback instead /Users/dingyou/server/zebra/ThinkPHP/Lib/Core/Db.class.php 第 605 行.
SQL: SELECT user.*,subject.subject_name,country.country_name,experience.experience_name FROM `zebra_user` `user`,`zebra_subject` `subject`,`zebra_country` `country`,`zebra_experience` `experience` WHERE ( user_id= )  [ RunTime:0.000209s ]
ERR: 1064:You have an error in your SQL syntax; check the manual that corresponds to your MySQL server version for the right syntax to use near ')' at line 1
 [ SQL语句 ] : SELECT user.*,subject.subject_name,country.country_name,experience.experience_name FROM `zebra_user` `user`,`zebra_subject` `subject`,`zebra_country` `country`,`zebra_experience` `experience` WHERE ( user_id= ) 

[ 2015-03-27T12:29:04+08:00 ] 0.0.0.0 /zebra/index.php/user/view/3
INFO: [ route_check ] --START--
INFO: CheckRoute Behavior ::run [ RunTime:0.000505s ]
INFO: [ route_check ] --END-- [ RunTime:0.000573s ]
NOTIC: [8192] preg_replace(): The /e modifier is deprecated, use preg_replace_callback instead /Users/dingyou/server/zebra/ThinkPHP/Lib/Core/Dispatcher.class.php 第 132 行.
INFO: [ app_begin ] --START--
INFO: ReadHtmlCache Behavior ::run [ RunTime:0.000570s ]
INFO: [ app_begin ] --END-- [ RunTime:0.000714s ]
NOTIC: [8192] mysql_connect(): The mysql extension is deprecated and will be removed in the future: use mysqli or PDO instead /Users/dingyou/server/zebra/ThinkPHP/Lib/Driver/Db/DbMysql.class.php 第 55 行.
SQL: SHOW COLUMNS FROM `zebra_user` [ RunTime:0.003023s ]
NOTIC: [8192] preg_replace(): The /e modifier is deprecated, use preg_replace_callback instead /Users/dingyou/server/zebra/ThinkPHP/Lib/Core/Db.class.php 第 605 行.
SQL: SELECT user.*,subject.subject_name,country.country_name,experience.experience_name FROM `zebra_user` `user`,`zebra_subject` `subject`,`zebra_country` `country`,`zebra_experience` `experience` WHERE ( user.country_id=country.country_id AND user.subject_id=subject.subject_id AND user.experience_id=experience.experience_id AND user_id= )  [ RunTime:0.003017s ]
ERR: 1064:You have an error in your SQL syntax; check the manual that corresponds to your MySQL server version for the right syntax to use near ')' at line 1
 [ SQL语句 ] : SELECT user.*,subject.subject_name,country.country_name,experience.experience_name FROM `zebra_user` `user`,`zebra_subject` `subject`,`zebra_country` `country`,`zebra_experience` `experience` WHERE ( user.country_id=country.country_id AND user.subject_id=subject.subject_id AND user.experience_id=experience.experience_id AND user_id= ) 

[ 2015-03-27T12:29:05+08:00 ] 0.0.0.0 /zebra/index.php/user/view/2
INFO: [ route_check ] --START--
INFO: CheckRoute Behavior ::run [ RunTime:0.000589s ]
INFO: [ route_check ] --END-- [ RunTime:0.000662s ]
NOTIC: [8192] preg_replace(): The /e modifier is deprecated, use preg_replace_callback instead /Users/dingyou/server/zebra/ThinkPHP/Lib/Core/Dispatcher.class.php 第 132 行.
INFO: [ app_begin ] --START--
INFO: ReadHtmlCache Behavior ::run [ RunTime:0.000406s ]
INFO: [ app_begin ] --END-- [ RunTime:0.000548s ]
NOTIC: [8192] mysql_connect(): The mysql extension is deprecated and will be removed in the future: use mysqli or PDO instead /Users/dingyou/server/zebra/ThinkPHP/Lib/Driver/Db/DbMysql.class.php 第 55 行.
SQL: SHOW COLUMNS FROM `zebra_user` [ RunTime:0.002091s ]
NOTIC: [8192] preg_replace(): The /e modifier is deprecated, use preg_replace_callback instead /Users/dingyou/server/zebra/ThinkPHP/Lib/Core/Db.class.php 第 605 行.
SQL: SELECT user.*,subject.subject_name,country.country_name,experience.experience_name FROM `zebra_user` `user`,`zebra_subject` `subject`,`zebra_country` `country`,`zebra_experience` `experience` WHERE ( user.country_id=country.country_id AND user.subject_id=subject.subject_id AND user.experience_id=experience.experience_id AND user_id= )  [ RunTime:0.000172s ]
ERR: 1064:You have an error in your SQL syntax; check the manual that corresponds to your MySQL server version for the right syntax to use near ')' at line 1
 [ SQL语句 ] : SELECT user.*,subject.subject_name,country.country_name,experience.experience_name FROM `zebra_user` `user`,`zebra_subject` `subject`,`zebra_country` `country`,`zebra_experience` `experience` WHERE ( user.country_id=country.country_id AND user.subject_id=subject.subject_id AND user.experience_id=experience.experience_id AND user_id= ) 

[ 2015-03-27T12:30:40+08:00 ] 0.0.0.0 /zebra/index.php/user/view/2
INFO: [ route_check ] --START--
INFO: CheckRoute Behavior ::run [ RunTime:0.000572s ]
INFO: [ route_check ] --END-- [ RunTime:0.000703s ]
NOTIC: [8192] preg_replace(): The /e modifier is deprecated, use preg_replace_callback instead /Users/dingyou/server/zebra/ThinkPHP/Lib/Core/Dispatcher.class.php 第 132 行.
INFO: [ app_begin ] --START--
INFO: ReadHtmlCache Behavior ::run [ RunTime:0.000337s ]
INFO: [ app_begin ] --END-- [ RunTime:0.000398s ]
NOTIC: [8192] mysql_connect(): The mysql extension is deprecated and will be removed in the future: use mysqli or PDO instead /Users/dingyou/server/zebra/ThinkPHP/Lib/Driver/Db/DbMysql.class.php 第 55 行.
SQL: SHOW COLUMNS FROM `zebra_user` [ RunTime:0.002482s ]
NOTIC: [8192] preg_replace(): The /e modifier is deprecated, use preg_replace_callback instead /Users/dingyou/server/zebra/ThinkPHP/Lib/Core/Db.class.php 第 605 行.
SQL: SELECT user.*,subject.subject_name,country.country_name,experience.experience_name,background.background_name FROM `zebra_user` `user`,`zebra_subject` `subject`,`zebra_country` `country`,`zebra_experience` `experience`,`zebra_background` `background` WHERE ( user.country_id=country.country_id AND user.subject_id=subject.subject_id AND user.experience_id=experience.experience_id AND user.background_id=background.background_id AND user_id= )  [ RunTime:0.000141s ]
ERR: 1064:You have an error in your SQL syntax; check the manual that corresponds to your MySQL server version for the right syntax to use near ')' at line 1
 [ SQL语句 ] : SELECT user.*,subject.subject_name,country.country_name,experience.experience_name,background.background_name FROM `zebra_user` `user`,`zebra_subject` `subject`,`zebra_country` `country`,`zebra_experience` `experience`,`zebra_background` `background` WHERE ( user.country_id=country.country_id AND user.subject_id=subject.subject_id AND user.experience_id=experience.experience_id AND user.background_id=background.background_id AND user_id= ) 

[ 2015-03-27T12:31:40+08:00 ] 0.0.0.0 /zebra/index.php/user/view/user_id/2
INFO: [ route_check ] --START--
INFO: CheckRoute Behavior ::run [ RunTime:0.000812s ]
INFO: [ route_check ] --END-- [ RunTime:0.000968s ]
NOTIC: [8192] preg_replace(): The /e modifier is deprecated, use preg_replace_callback instead /Users/dingyou/server/zebra/ThinkPHP/Lib/Core/Dispatcher.class.php 第 132 行.
INFO: [ app_begin ] --START--
INFO: ReadHtmlCache Behavior ::run [ RunTime:0.000469s ]
INFO: [ app_begin ] --END-- [ RunTime:0.000549s ]
NOTIC: [8192] mysql_connect(): The mysql extension is deprecated and will be removed in the future: use mysqli or PDO instead /Users/dingyou/server/zebra/ThinkPHP/Lib/Driver/Db/DbMysql.class.php 第 55 行.
SQL: SHOW COLUMNS FROM `zebra_user` [ RunTime:0.002311s ]
NOTIC: [8192] preg_replace(): The /e modifier is deprecated, use preg_replace_callback instead /Users/dingyou/server/zebra/ThinkPHP/Lib/Core/Db.class.php 第 605 行.
SQL: SELECT user.*,subject.subject_name,country.country_name,experience.experience_name,background.background_name FROM `zebra_user` `user`,`zebra_subject` `subject`,`zebra_country` `country`,`zebra_experience` `experience`,`zebra_background` `background` WHERE ( user.country_id=country.country_id AND user.subject_id=subject.subject_id AND user.experience_id=experience.experience_id AND user.background_id=background.background_id AND user_id=2 )  [ RunTime:0.031472s ]

[ 2015-03-27T12:31:50+08:00 ] 0.0.0.0 /zebra/index.php/user/view/user_id/3
INFO: [ route_check ] --START--
INFO: CheckRoute Behavior ::run [ RunTime:0.000584s ]
INFO: [ route_check ] --END-- [ RunTime:0.000723s ]
NOTIC: [8192] preg_replace(): The /e modifier is deprecated, use preg_replace_callback instead /Users/dingyou/server/zebra/ThinkPHP/Lib/Core/Dispatcher.class.php 第 132 行.
INFO: [ app_begin ] --START--
INFO: ReadHtmlCache Behavior ::run [ RunTime:0.000340s ]
INFO: [ app_begin ] --END-- [ RunTime:0.000403s ]
NOTIC: [8192] mysql_connect(): The mysql extension is deprecated and will be removed in the future: use mysqli or PDO instead /Users/dingyou/server/zebra/ThinkPHP/Lib/Driver/Db/DbMysql.class.php 第 55 行.
SQL: SHOW COLUMNS FROM `zebra_user` [ RunTime:0.001966s ]
NOTIC: [8192] preg_replace(): The /e modifier is deprecated, use preg_replace_callback instead /Users/dingyou/server/zebra/ThinkPHP/Lib/Core/Db.class.php 第 605 行.
SQL: SELECT user.*,subject.subject_name,country.country_name,experience.experience_name,background.background_name FROM `zebra_user` `user`,`zebra_subject` `subject`,`zebra_country` `country`,`zebra_experience` `experience`,`zebra_background` `background` WHERE ( user.country_id=country.country_id AND user.subject_id=subject.subject_id AND user.experience_id=experience.experience_id AND user.background_id=background.background_id AND user_id=3 )  [ RunTime:0.000999s ]

[ 2015-03-27T12:32:05+08:00 ] 0.0.0.0 /zebra/index.php/user/view/user_id/2
INFO: [ route_check ] --START--
INFO: CheckRoute Behavior ::run [ RunTime:0.000829s ]
INFO: [ route_check ] --END-- [ RunTime:0.000912s ]
NOTIC: [8192] preg_replace(): The /e modifier is deprecated, use preg_replace_callback instead /Users/dingyou/server/zebra/ThinkPHP/Lib/Core/Dispatcher.class.php 第 132 行.
INFO: [ app_begin ] --START--
INFO: ReadHtmlCache Behavior ::run [ RunTime:0.000491s ]
INFO: [ app_begin ] --END-- [ RunTime:0.000563s ]
NOTIC: [8192] mysql_connect(): The mysql extension is deprecated and will be removed in the future: use mysqli or PDO instead /Users/dingyou/server/zebra/ThinkPHP/Lib/Driver/Db/DbMysql.class.php 第 55 行.
SQL: SHOW COLUMNS FROM `zebra_user` [ RunTime:0.001726s ]
NOTIC: [8192] preg_replace(): The /e modifier is deprecated, use preg_replace_callback instead /Users/dingyou/server/zebra/ThinkPHP/Lib/Core/Db.class.php 第 605 行.
SQL: SELECT user.*,subject.subject_name,country.country_name,experience.experience_name,background.background_name FROM `zebra_user` `user`,`zebra_subject` `subject`,`zebra_country` `country`,`zebra_experience` `experience`,`zebra_background` `background` WHERE ( user.country_id=country.country_id AND user.subject_id=subject.subject_id AND user.experience_id=experience.experience_id AND user.background_id=background.background_id AND user_id=2 )  [ RunTime:0.000555s ]

[ 2015-03-27T15:14:39+08:00 ] 0.0.0.0 /zebra/index.php/user/register/user_name/ed412588
INFO: [ route_check ] --START--
INFO: CheckRoute Behavior ::run [ RunTime:0.002316s ]
INFO: [ route_check ] --END-- [ RunTime:0.004645s ]
NOTIC: [8192] preg_replace(): The /e modifier is deprecated, use preg_replace_callback instead /Users/dingyou/server/zebra/ThinkPHP/Lib/Core/Dispatcher.class.php 第 132 行.
INFO: [ app_begin ] --START--
INFO: ReadHtmlCache Behavior ::run [ RunTime:0.001117s ]
INFO: [ app_begin ] --END-- [ RunTime:0.001207s ]
NOTIC: [8192] mysql_connect(): The mysql extension is deprecated and will be removed in the future: use mysqli or PDO instead /Users/dingyou/server/zebra/ThinkPHP/Lib/Driver/Db/DbMysql.class.php 第 55 行.
SQL: SHOW COLUMNS FROM `zebra_user` [ RunTime:0.058914s ]
NOTIC: [8192] preg_replace(): The /e modifier is deprecated, use preg_replace_callback instead /Users/dingyou/server/zebra/ThinkPHP/Lib/Core/Db.class.php 第 605 行.
SQL: SELECT * FROM `zebra_user` WHERE ( user_name=ed412588 ) LIMIT 1   [ RunTime:0.004151s ]
ERR: 1054:Unknown column 'ed412588' in 'where clause'
 [ SQL语句 ] : SELECT * FROM `zebra_user` WHERE ( user_name=ed412588 ) LIMIT 1  
SQL: INSERT INTO `zebra_user` (`user_name`,`nick_name`,`password`,`sex`,`home_town`) VALUES ('ed412588','','64a1ab6e38e269b4eadc7bd466710c0d',0,'') [ RunTime:0.104507s ]
ERR: 1062:Duplicate entry 'ed412588' for key 'user_name'
 [ SQL语句 ] : INSERT INTO `zebra_user` (`user_name`,`nick_name`,`password`,`sex`,`home_town`) VALUES ('ed412588','','64a1ab6e38e269b4eadc7bd466710c0d',0,'')

[ 2015-03-27T15:14:56+08:00 ] 0.0.0.0 /zebra/index.php/user/register/user_name/ed412588
INFO: [ route_check ] --START--
INFO: CheckRoute Behavior ::run [ RunTime:0.001925s ]
INFO: [ route_check ] --END-- [ RunTime:0.002919s ]
NOTIC: [8192] preg_replace(): The /e modifier is deprecated, use preg_replace_callback instead /Users/dingyou/server/zebra/ThinkPHP/Lib/Core/Dispatcher.class.php 第 132 行.
INFO: [ app_begin ] --START--
INFO: ReadHtmlCache Behavior ::run [ RunTime:0.000999s ]
INFO: [ app_begin ] --END-- [ RunTime:0.002066s ]
NOTIC: [8192] mysql_connect(): The mysql extension is deprecated and will be removed in the future: use mysqli or PDO instead /Users/dingyou/server/zebra/ThinkPHP/Lib/Driver/Db/DbMysql.class.php 第 55 行.
SQL: SHOW COLUMNS FROM `zebra_user` [ RunTime:0.004070s ]
NOTIC: [8192] preg_replace(): The /e modifier is deprecated, use preg_replace_callback instead /Users/dingyou/server/zebra/ThinkPHP/Lib/Core/Db.class.php 第 605 行.
SQL: SELECT * FROM `zebra_user` WHERE ( user_name=ed412588 ) LIMIT 1   [ RunTime:0.001046s ]
ERR: 1054:Unknown column 'ed412588' in 'where clause'
 [ SQL语句 ] : SELECT * FROM `zebra_user` WHERE ( user_name=ed412588 ) LIMIT 1  
SQL: INSERT INTO `zebra_user` (`user_name`,`nick_name`,`password`,`sex`,`home_town`) VALUES ('ed412588','','64a1ab6e38e269b4eadc7bd466710c0d',0,'') [ RunTime:0.001620s ]
ERR: 1062:Duplicate entry 'ed412588' for key 'user_name'
 [ SQL语句 ] : INSERT INTO `zebra_user` (`user_name`,`nick_name`,`password`,`sex`,`home_town`) VALUES ('ed412588','','64a1ab6e38e269b4eadc7bd466710c0d',0,'')

[ 2015-03-27T15:15:14+08:00 ] 0.0.0.0 /zebra/index.php/user/register/user_name/ed412588
INFO: [ route_check ] --START--
INFO: CheckRoute Behavior ::run [ RunTime:0.001991s ]
INFO: [ route_check ] --END-- [ RunTime:0.002928s ]
NOTIC: [8192] preg_replace(): The /e modifier is deprecated, use preg_replace_callback instead /Users/dingyou/server/zebra/ThinkPHP/Lib/Core/Dispatcher.class.php 第 132 行.
INFO: [ app_begin ] --START--
INFO: ReadHtmlCache Behavior ::run [ RunTime:0.000445s ]
INFO: [ app_begin ] --END-- [ RunTime:0.001779s ]
NOTIC: [8192] mysql_connect(): The mysql extension is deprecated and will be removed in the future: use mysqli or PDO instead /Users/dingyou/server/zebra/ThinkPHP/Lib/Driver/Db/DbMysql.class.php 第 55 行.
SQL: SHOW COLUMNS FROM `zebra_user` [ RunTime:0.005991s ]
NOTIC: [8192] preg_replace(): The /e modifier is deprecated, use preg_replace_callback instead /Users/dingyou/server/zebra/ThinkPHP/Lib/Core/Db.class.php 第 605 行.
SQL: SELECT * FROM `zebra_user` WHERE ( user_name=ed412588 ) LIMIT 1   [ RunTime:0.000248s ]
ERR: 1054:Unknown column 'ed412588' in 'where clause'
 [ SQL语句 ] : SELECT * FROM `zebra_user` WHERE ( user_name=ed412588 ) LIMIT 1  
SQL: INSERT INTO `zebra_user` (`user_name`,`nick_name`,`password`,`sex`,`home_town`) VALUES ('ed412588','','64a1ab6e38e269b4eadc7bd466710c0d',0,'') [ RunTime:0.001070s ]
ERR: 1062:Duplicate entry 'ed412588' for key 'user_name'
 [ SQL语句 ] : INSERT INTO `zebra_user` (`user_name`,`nick_name`,`password`,`sex`,`home_town`) VALUES ('ed412588','','64a1ab6e38e269b4eadc7bd466710c0d',0,'')

[ 2015-03-27T15:15:38+08:00 ] 0.0.0.0 /zebra/index.php/user/register/user_name/ed412588
INFO: [ route_check ] --START--
INFO: CheckRoute Behavior ::run [ RunTime:0.001982s ]
INFO: [ route_check ] --END-- [ RunTime:0.002799s ]
NOTIC: [8192] preg_replace(): The /e modifier is deprecated, use preg_replace_callback instead /Users/dingyou/server/zebra/ThinkPHP/Lib/Core/Dispatcher.class.php 第 132 行.
INFO: [ app_begin ] --START--
INFO: ReadHtmlCache Behavior ::run [ RunTime:0.000868s ]
INFO: [ app_begin ] --END-- [ RunTime:0.002023s ]
NOTIC: [8192] mysql_connect(): The mysql extension is deprecated and will be removed in the future: use mysqli or PDO instead /Users/dingyou/server/zebra/ThinkPHP/Lib/Driver/Db/DbMysql.class.php 第 55 行.
SQL: SHOW COLUMNS FROM `zebra_user` [ RunTime:0.007291s ]
NOTIC: [8192] preg_replace(): The /e modifier is deprecated, use preg_replace_callback instead /Users/dingyou/server/zebra/ThinkPHP/Lib/Core/Db.class.php 第 605 行.
SQL: SELECT * FROM `zebra_user` WHERE ( user_name=ed412588 ) LIMIT 1   [ RunTime:0.000245s ]
ERR: 1054:Unknown column 'ed412588' in 'where clause'
 [ SQL语句 ] : SELECT * FROM `zebra_user` WHERE ( user_name=ed412588 ) LIMIT 1  
SQL: INSERT INTO `zebra_user` (`user_name`,`nick_name`,`password`,`sex`,`home_town`) VALUES ('ed412588','','64a1ab6e38e269b4eadc7bd466710c0d',0,'') [ RunTime:0.001104s ]
ERR: 1062:Duplicate entry 'ed412588' for key 'user_name'
 [ SQL语句 ] : INSERT INTO `zebra_user` (`user_name`,`nick_name`,`password`,`sex`,`home_town`) VALUES ('ed412588','','64a1ab6e38e269b4eadc7bd466710c0d',0,'')

[ 2015-03-27T15:18:10+08:00 ] 0.0.0.0 /zebra/index.php/user/register/user_name/ed412588
INFO: [ route_check ] --START--
INFO: CheckRoute Behavior ::run [ RunTime:0.001837s ]
INFO: [ route_check ] --END-- [ RunTime:0.002622s ]
NOTIC: [8192] preg_replace(): The /e modifier is deprecated, use preg_replace_callback instead /Users/dingyou/server/zebra/ThinkPHP/Lib/Core/Dispatcher.class.php 第 132 行.
INFO: [ app_begin ] --START--
INFO: ReadHtmlCache Behavior ::run [ RunTime:0.000884s ]
INFO: [ app_begin ] --END-- [ RunTime:0.001887s ]
NOTIC: [8192] mysql_connect(): The mysql extension is deprecated and will be removed in the future: use mysqli or PDO instead /Users/dingyou/server/zebra/ThinkPHP/Lib/Driver/Db/DbMysql.class.php 第 55 行.
SQL: SHOW COLUMNS FROM `zebra_user` [ RunTime:0.004185s ]
NOTIC: [8192] preg_replace(): The /e modifier is deprecated, use preg_replace_callback instead /Users/dingyou/server/zebra/ThinkPHP/Lib/Core/Db.class.php 第 605 行.
SQL: SELECT * FROM `zebra_user` WHERE ( user_name=ed412588 ) LIMIT 1   [ RunTime:0.001532s ]
ERR: 1054:Unknown column 'ed412588' in 'where clause'
 [ SQL语句 ] : SELECT * FROM `zebra_user` WHERE ( user_name=ed412588 ) LIMIT 1  
SQL: INSERT INTO `zebra_user` (`user_name`,`nick_name`,`password`,`sex`,`home_town`) VALUES ('ed412588','','64a1ab6e38e269b4eadc7bd466710c0d',0,'') [ RunTime:0.001690s ]
ERR: 1062:Duplicate entry 'ed412588' for key 'user_name'
 [ SQL语句 ] : INSERT INTO `zebra_user` (`user_name`,`nick_name`,`password`,`sex`,`home_town`) VALUES ('ed412588','','64a1ab6e38e269b4eadc7bd466710c0d',0,'')

[ 2015-03-27T15:18:46+08:00 ] 0.0.0.0 /zebra/index.php/user/register/user_name/ed412588
INFO: [ route_check ] --START--
INFO: CheckRoute Behavior ::run [ RunTime:0.002065s ]
INFO: [ route_check ] --END-- [ RunTime:0.002932s ]
NOTIC: [8192] preg_replace(): The /e modifier is deprecated, use preg_replace_callback instead /Users/dingyou/server/zebra/ThinkPHP/Lib/Core/Dispatcher.class.php 第 132 行.
INFO: [ app_begin ] --START--
INFO: ReadHtmlCache Behavior ::run [ RunTime:0.000506s ]
INFO: [ app_begin ] --END-- [ RunTime:0.001424s ]
NOTIC: [8192] mysql_connect(): The mysql extension is deprecated and will be removed in the future: use mysqli or PDO instead /Users/dingyou/server/zebra/ThinkPHP/Lib/Driver/Db/DbMysql.class.php 第 55 行.
SQL: SHOW COLUMNS FROM `zebra_user` [ RunTime:0.002545s ]
NOTIC: [8192] preg_replace(): The /e modifier is deprecated, use preg_replace_callback instead /Users/dingyou/server/zebra/ThinkPHP/Lib/Core/Db.class.php 第 605 行.
SQL: SELECT * FROM `zebra_user` WHERE ( user_name=ed412588 ) LIMIT 1   [ RunTime:0.000222s ]
ERR: 1054:Unknown column 'ed412588' in 'where clause'
 [ SQL语句 ] : SELECT * FROM `zebra_user` WHERE ( user_name=ed412588 ) LIMIT 1  
SQL: INSERT INTO `zebra_user` (`user_name`,`nick_name`,`password`,`sex`,`home_town`) VALUES ('ed412588','','64a1ab6e38e269b4eadc7bd466710c0d',0,'') [ RunTime:0.001002s ]
ERR: 1062:Duplicate entry 'ed412588' for key 'user_name'
 [ SQL语句 ] : INSERT INTO `zebra_user` (`user_name`,`nick_name`,`password`,`sex`,`home_town`) VALUES ('ed412588','','64a1ab6e38e269b4eadc7bd466710c0d',0,'')

[ 2015-03-27T15:19:13+08:00 ] 0.0.0.0 /zebra/index.php/user/register/user_name/ed412588
INFO: [ route_check ] --START--
INFO: CheckRoute Behavior ::run [ RunTime:0.000843s ]
INFO: [ route_check ] --END-- [ RunTime:0.000934s ]
NOTIC: [8192] preg_replace(): The /e modifier is deprecated, use preg_replace_callback instead /Users/dingyou/server/zebra/ThinkPHP/Lib/Core/Dispatcher.class.php 第 132 行.
INFO: [ app_begin ] --START--
INFO: ReadHtmlCache Behavior ::run [ RunTime:0.000325s ]
INFO: [ app_begin ] --END-- [ RunTime:0.000446s ]
NOTIC: [8192] mysql_connect(): The mysql extension is deprecated and will be removed in the future: use mysqli or PDO instead /Users/dingyou/server/zebra/ThinkPHP/Lib/Driver/Db/DbMysql.class.php 第 55 行.
SQL: SHOW COLUMNS FROM `zebra_user` [ RunTime:0.002045s ]
NOTIC: [8192] preg_replace(): The /e modifier is deprecated, use preg_replace_callback instead /Users/dingyou/server/zebra/ThinkPHP/Lib/Core/Db.class.php 第 605 行.
SQL: SELECT * FROM `zebra_user` WHERE ( user_name=ed412588 ) LIMIT 1   [ RunTime:0.000197s ]
ERR: 1054:Unknown column 'ed412588' in 'where clause'
 [ SQL语句 ] : SELECT * FROM `zebra_user` WHERE ( user_name=ed412588 ) LIMIT 1  
SQL: INSERT INTO `zebra_user` (`user_name`,`nick_name`,`password`,`sex`,`home_town`) VALUES ('ed412588','','64a1ab6e38e269b4eadc7bd466710c0d',0,'') [ RunTime:0.001349s ]
ERR: 1062:Duplicate entry 'ed412588' for key 'user_name'
 [ SQL语句 ] : INSERT INTO `zebra_user` (`user_name`,`nick_name`,`password`,`sex`,`home_town`) VALUES ('ed412588','','64a1ab6e38e269b4eadc7bd466710c0d',0,'')

[ 2015-03-27T15:20:00+08:00 ] 0.0.0.0 /zebra/index.php/user/register/user_name/ed412588
INFO: [ route_check ] --START--
INFO: CheckRoute Behavior ::run [ RunTime:0.001746s ]
INFO: [ route_check ] --END-- [ RunTime:0.002410s ]
NOTIC: [8192] preg_replace(): The /e modifier is deprecated, use preg_replace_callback instead /Users/dingyou/server/zebra/ThinkPHP/Lib/Core/Dispatcher.class.php 第 132 行.
INFO: [ app_begin ] --START--
INFO: ReadHtmlCache Behavior ::run [ RunTime:0.000386s ]
INFO: [ app_begin ] --END-- [ RunTime:0.000452s ]
NOTIC: [8192] mysql_connect(): The mysql extension is deprecated and will be removed in the future: use mysqli or PDO instead /Users/dingyou/server/zebra/ThinkPHP/Lib/Driver/Db/DbMysql.class.php 第 55 行.
SQL: SHOW COLUMNS FROM `zebra_user` [ RunTime:0.002012s ]
NOTIC: [8192] preg_replace(): The /e modifier is deprecated, use preg_replace_callback instead /Users/dingyou/server/zebra/ThinkPHP/Lib/Core/Db.class.php 第 605 行.
SQL: SELECT * FROM `zebra_user` WHERE ( user_name=ed412588 ) LIMIT 1   [ RunTime:0.000156s ]
ERR: 1054:Unknown column 'ed412588' in 'where clause'
 [ SQL语句 ] : SELECT * FROM `zebra_user` WHERE ( user_name=ed412588 ) LIMIT 1  
SQL: INSERT INTO `zebra_user` (`user_name`,`nick_name`,`password`,`sex`,`home_town`) VALUES ('ed412588','','64a1ab6e38e269b4eadc7bd466710c0d',0,'') [ RunTime:0.000936s ]
ERR: 1062:Duplicate entry 'ed412588' for key 'user_name'
 [ SQL语句 ] : INSERT INTO `zebra_user` (`user_name`,`nick_name`,`password`,`sex`,`home_town`) VALUES ('ed412588','','64a1ab6e38e269b4eadc7bd466710c0d',0,'')

[ 2015-03-27T15:20:16+08:00 ] 0.0.0.0 /zebra/index.php/user/register/user_name/ed412588
INFO: [ route_check ] --START--
INFO: CheckRoute Behavior ::run [ RunTime:0.000574s ]
INFO: [ route_check ] --END-- [ RunTime:0.000644s ]
NOTIC: [8192] preg_replace(): The /e modifier is deprecated, use preg_replace_callback instead /Users/dingyou/server/zebra/ThinkPHP/Lib/Core/Dispatcher.class.php 第 132 行.
INFO: [ app_begin ] --START--
INFO: ReadHtmlCache Behavior ::run [ RunTime:0.000510s ]
INFO: [ app_begin ] --END-- [ RunTime:0.000608s ]
NOTIC: [8192] mysql_connect(): The mysql extension is deprecated and will be removed in the future: use mysqli or PDO instead /Users/dingyou/server/zebra/ThinkPHP/Lib/Driver/Db/DbMysql.class.php 第 55 行.
SQL: SHOW COLUMNS FROM `zebra_user` [ RunTime:0.001861s ]
NOTIC: [8192] preg_replace(): The /e modifier is deprecated, use preg_replace_callback instead /Users/dingyou/server/zebra/ThinkPHP/Lib/Core/Db.class.php 第 605 行.
SQL: SELECT * FROM `zebra_user` WHERE ( user_name=ed412588 ) LIMIT 1   [ RunTime:0.000197s ]
ERR: 1054:Unknown column 'ed412588' in 'where clause'
 [ SQL语句 ] : SELECT * FROM `zebra_user` WHERE ( user_name=ed412588 ) LIMIT 1  
SQL: INSERT INTO `zebra_user` (`user_name`,`nick_name`,`password`,`sex`,`home_town`) VALUES ('ed412588','','64a1ab6e38e269b4eadc7bd466710c0d',0,'') [ RunTime:0.002638s ]
ERR: 1062:Duplicate entry 'ed412588' for key 'user_name'
 [ SQL语句 ] : INSERT INTO `zebra_user` (`user_name`,`nick_name`,`password`,`sex`,`home_town`) VALUES ('ed412588','','64a1ab6e38e269b4eadc7bd466710c0d',0,'')

[ 2015-03-27T15:27:40+08:00 ] 0.0.0.0 /zebra/index.php/user/register/user_name/ed412588
INFO: [ route_check ] --START--
INFO: CheckRoute Behavior ::run [ RunTime:0.002595s ]
INFO: [ route_check ] --END-- [ RunTime:0.004677s ]
NOTIC: [8192] preg_replace(): The /e modifier is deprecated, use preg_replace_callback instead /Users/dingyou/server/zebra/ThinkPHP/Lib/Core/Dispatcher.class.php 第 132 行.
INFO: [ app_begin ] --START--
INFO: ReadHtmlCache Behavior ::run [ RunTime:0.001638s ]
INFO: [ app_begin ] --END-- [ RunTime:0.001748s ]
NOTIC: [8192] mysql_connect(): The mysql extension is deprecated and will be removed in the future: use mysqli or PDO instead /Users/dingyou/server/zebra/ThinkPHP/Lib/Driver/Db/DbMysql.class.php 第 55 行.
SQL: SHOW COLUMNS FROM `zebra_user` [ RunTime:0.043033s ]
NOTIC: [8192] preg_replace(): The /e modifier is deprecated, use preg_replace_callback instead /Users/dingyou/server/zebra/ThinkPHP/Lib/Core/Db.class.php 第 605 行.
SQL: SELECT * FROM `zebra_user` WHERE ( user_name=ed412588 ) LIMIT 1   [ RunTime:0.002506s ]
ERR: 1054:Unknown column 'ed412588' in 'where clause'
 [ SQL语句 ] : SELECT * FROM `zebra_user` WHERE ( user_name=ed412588 ) LIMIT 1  
SQL: INSERT INTO `zebra_user` (`user_name`,`nick_name`,`password`,`sex`,`home_town`) VALUES ('ed412588','','64a1ab6e38e269b4eadc7bd466710c0d',0,'') [ RunTime:0.064449s ]
ERR: 1062:Duplicate entry 'ed412588' for key 'user_name'
 [ SQL语句 ] : INSERT INTO `zebra_user` (`user_name`,`nick_name`,`password`,`sex`,`home_town`) VALUES ('ed412588','','64a1ab6e38e269b4eadc7bd466710c0d',0,'')

[ 2015-03-27T15:29:26+08:00 ] 0.0.0.0 /zebra/index.php/user/register/user_name/ed412588
INFO: [ route_check ] --START--
INFO: CheckRoute Behavior ::run [ RunTime:0.002181s ]
INFO: [ route_check ] --END-- [ RunTime:0.002940s ]
NOTIC: [8192] preg_replace(): The /e modifier is deprecated, use preg_replace_callback instead /Users/dingyou/server/zebra/ThinkPHP/Lib/Core/Dispatcher.class.php 第 132 行.
INFO: [ app_begin ] --START--
INFO: ReadHtmlCache Behavior ::run [ RunTime:0.001226s ]
INFO: [ app_begin ] --END-- [ RunTime:0.002265s ]
NOTIC: [8192] mysql_connect(): The mysql extension is deprecated and will be removed in the future: use mysqli or PDO instead /Users/dingyou/server/zebra/ThinkPHP/Lib/Driver/Db/DbMysql.class.php 第 55 行.
SQL: SHOW COLUMNS FROM `zebra_user` [ RunTime:0.011840s ]
NOTIC: [8192] preg_replace(): The /e modifier is deprecated, use preg_replace_callback instead /Users/dingyou/server/zebra/ThinkPHP/Lib/Core/Db.class.php 第 605 行.
SQL: SELECT COUNT(*) AS tp_count FROM `zebra_user` WHERE ( user_name=ed412588 ) LIMIT 1   [ RunTime:0.003993s ]
ERR: 1054:Unknown column 'ed412588' in 'where clause'
 [ SQL语句 ] : SELECT COUNT(*) AS tp_count FROM `zebra_user` WHERE ( user_name=ed412588 ) LIMIT 1  
SQL: INSERT INTO `zebra_user` (`user_name`,`nick_name`,`password`,`sex`,`home_town`) VALUES ('ed412588','','64a1ab6e38e269b4eadc7bd466710c0d',0,'') [ RunTime:0.003729s ]
ERR: 1062:Duplicate entry 'ed412588' for key 'user_name'
 [ SQL语句 ] : INSERT INTO `zebra_user` (`user_name`,`nick_name`,`password`,`sex`,`home_town`) VALUES ('ed412588','','64a1ab6e38e269b4eadc7bd466710c0d',0,'')

[ 2015-03-27T15:29:42+08:00 ] 0.0.0.0 /zebra/index.php/user/register/user_name/ed412588
INFO: [ route_check ] --START--
INFO: CheckRoute Behavior ::run [ RunTime:0.001859s ]
INFO: [ route_check ] --END-- [ RunTime:0.002456s ]
NOTIC: [8192] preg_replace(): The /e modifier is deprecated, use preg_replace_callback instead /Users/dingyou/server/zebra/ThinkPHP/Lib/Core/Dispatcher.class.php 第 132 行.
INFO: [ app_begin ] --START--
INFO: ReadHtmlCache Behavior ::run [ RunTime:0.001446s ]
INFO: [ app_begin ] --END-- [ RunTime:0.001598s ]
NOTIC: [8192] mysql_connect(): The mysql extension is deprecated and will be removed in the future: use mysqli or PDO instead /Users/dingyou/server/zebra/ThinkPHP/Lib/Driver/Db/DbMysql.class.php 第 55 行.
SQL: SHOW COLUMNS FROM `zebra_user` [ RunTime:0.007366s ]
NOTIC: [8192] preg_replace(): The /e modifier is deprecated, use preg_replace_callback instead /Users/dingyou/server/zebra/ThinkPHP/Lib/Core/Db.class.php 第 605 行.
SQL: SELECT COUNT(*) AS tp_count FROM `zebra_user` WHERE ( user_name=ed412588 ) LIMIT 1   [ RunTime:0.000180s ]
ERR: 1054:Unknown column 'ed412588' in 'where clause'
 [ SQL语句 ] : SELECT COUNT(*) AS tp_count FROM `zebra_user` WHERE ( user_name=ed412588 ) LIMIT 1  
SQL: INSERT INTO `zebra_user` (`user_name`,`nick_name`,`password`,`sex`,`home_town`) VALUES ('ed412588','','64a1ab6e38e269b4eadc7bd466710c0d',0,'') [ RunTime:0.001855s ]
ERR: 1062:Duplicate entry 'ed412588' for key 'user_name'
 [ SQL语句 ] : INSERT INTO `zebra_user` (`user_name`,`nick_name`,`password`,`sex`,`home_town`) VALUES ('ed412588','','64a1ab6e38e269b4eadc7bd466710c0d',0,'')

[ 2015-03-27T15:30:11+08:00 ] 0.0.0.0 /zebra/index.php/user/register/user_name/ed412588
INFO: [ route_check ] --START--
INFO: CheckRoute Behavior ::run [ RunTime:0.002581s ]
INFO: [ route_check ] --END-- [ RunTime:0.003767s ]
NOTIC: [8192] preg_replace(): The /e modifier is deprecated, use preg_replace_callback instead /Users/dingyou/server/zebra/ThinkPHP/Lib/Core/Dispatcher.class.php 第 132 行.
INFO: [ app_begin ] --START--
INFO: ReadHtmlCache Behavior ::run [ RunTime:0.001489s ]
INFO: [ app_begin ] --END-- [ RunTime:0.002606s ]
NOTIC: [8192] mysql_connect(): The mysql extension is deprecated and will be removed in the future: use mysqli or PDO instead /Users/dingyou/server/zebra/ThinkPHP/Lib/Driver/Db/DbMysql.class.php 第 55 行.
SQL: SHOW COLUMNS FROM `zebra_user` [ RunTime:0.012828s ]
NOTIC: [8192] preg_replace(): The /e modifier is deprecated, use preg_replace_callback instead /Users/dingyou/server/zebra/ThinkPHP/Lib/Core/Db.class.php 第 605 行.
SQL: SELECT COUNT(*) AS tp_count FROM `zebra_user` WHERE ( user_name=ed412588 ) LIMIT 1   [ RunTime:0.000218s ]
ERR: 1054:Unknown column 'ed412588' in 'where clause'
 [ SQL语句 ] : SELECT COUNT(*) AS tp_count FROM `zebra_user` WHERE ( user_name=ed412588 ) LIMIT 1  
SQL: INSERT INTO `zebra_user` (`user_name`,`nick_name`,`password`,`sex`,`home_town`) VALUES ('ed412588','','64a1ab6e38e269b4eadc7bd466710c0d',0,'') [ RunTime:0.003406s ]
ERR: 1062:Duplicate entry 'ed412588' for key 'user_name'
 [ SQL语句 ] : INSERT INTO `zebra_user` (`user_name`,`nick_name`,`password`,`sex`,`home_town`) VALUES ('ed412588','','64a1ab6e38e269b4eadc7bd466710c0d',0,'')

[ 2015-03-27T15:31:13+08:00 ] 0.0.0.0 /zebra/index.php/user/register/user_name/ed412588
INFO: [ route_check ] --START--
INFO: CheckRoute Behavior ::run [ RunTime:0.002326s ]
INFO: [ route_check ] --END-- [ RunTime:0.003257s ]
NOTIC: [8192] preg_replace(): The /e modifier is deprecated, use preg_replace_callback instead /Users/dingyou/server/zebra/ThinkPHP/Lib/Core/Dispatcher.class.php 第 132 行.
INFO: [ app_begin ] --START--
INFO: ReadHtmlCache Behavior ::run [ RunTime:0.001524s ]
INFO: [ app_begin ] --END-- [ RunTime:0.002622s ]
NOTIC: [8192] mysql_connect(): The mysql extension is deprecated and will be removed in the future: use mysqli or PDO instead /Users/dingyou/server/zebra/ThinkPHP/Lib/Driver/Db/DbMysql.class.php 第 55 行.
SQL: SHOW COLUMNS FROM `zebra_user` [ RunTime:0.004134s ]
NOTIC: [8192] preg_replace(): The /e modifier is deprecated, use preg_replace_callback instead /Users/dingyou/server/zebra/ThinkPHP/Lib/Core/Db.class.php 第 605 行.
SQL: SELECT COUNT(*) AS tp_count FROM `zebra_user` WHERE ( user_name=ed412588 ) LIMIT 1   [ RunTime:0.000162s ]
ERR: 1054:Unknown column 'ed412588' in 'where clause'
 [ SQL语句 ] : SELECT COUNT(*) AS tp_count FROM `zebra_user` WHERE ( user_name=ed412588 ) LIMIT 1  
NOTIC: [8] Undefined variable: result /Users/dingyou/server/zebra/Index/Lib/Action/userAction.class.php 第 94 行.
SQL: INSERT INTO `zebra_user` (`user_name`,`nick_name`,`password`,`sex`,`home_town`) VALUES ('ed412588','','64a1ab6e38e269b4eadc7bd466710c0d',0,'') [ RunTime:0.002249s ]
ERR: 1062:Duplicate entry 'ed412588' for key 'user_name'
 [ SQL语句 ] : INSERT INTO `zebra_user` (`user_name`,`nick_name`,`password`,`sex`,`home_town`) VALUES ('ed412588','','64a1ab6e38e269b4eadc7bd466710c0d',0,'')

[ 2015-03-27T15:32:13+08:00 ] 0.0.0.0 /zebra/index.php/user/register/user_name/ed412588
INFO: [ route_check ] --START--
INFO: CheckRoute Behavior ::run [ RunTime:0.000971s ]
INFO: [ route_check ] --END-- [ RunTime:0.001042s ]
NOTIC: [8192] preg_replace(): The /e modifier is deprecated, use preg_replace_callback instead /Users/dingyou/server/zebra/ThinkPHP/Lib/Core/Dispatcher.class.php 第 132 行.
INFO: [ app_begin ] --START--
INFO: ReadHtmlCache Behavior ::run [ RunTime:0.000611s ]
INFO: [ app_begin ] --END-- [ RunTime:0.000731s ]
NOTIC: [8192] mysql_connect(): The mysql extension is deprecated and will be removed in the future: use mysqli or PDO instead /Users/dingyou/server/zebra/ThinkPHP/Lib/Driver/Db/DbMysql.class.php 第 55 行.
SQL: SHOW COLUMNS FROM `zebra_user` [ RunTime:0.005127s ]
NOTIC: [8192] preg_replace(): The /e modifier is deprecated, use preg_replace_callback instead /Users/dingyou/server/zebra/ThinkPHP/Lib/Core/Db.class.php 第 605 行.
SQL: SELECT `user_id` FROM `zebra_user` WHERE ( user_name=ed412588 )  [ RunTime:0.000189s ]
ERR: 1054:Unknown column 'ed412588' in 'where clause'
 [ SQL语句 ] : SELECT `user_id` FROM `zebra_user` WHERE ( user_name=ed412588 ) 
SQL: INSERT INTO `zebra_user` (`user_name`,`nick_name`,`password`,`sex`,`home_town`) VALUES ('ed412588','','64a1ab6e38e269b4eadc7bd466710c0d',0,'') [ RunTime:0.001912s ]
ERR: 1062:Duplicate entry 'ed412588' for key 'user_name'
 [ SQL语句 ] : INSERT INTO `zebra_user` (`user_name`,`nick_name`,`password`,`sex`,`home_town`) VALUES ('ed412588','','64a1ab6e38e269b4eadc7bd466710c0d',0,'')

[ 2015-03-27T15:32:40+08:00 ] 0.0.0.0 /zebra/index.php/user/register/user_name/ed412588
INFO: [ route_check ] --START--
INFO: CheckRoute Behavior ::run [ RunTime:0.000982s ]
INFO: [ route_check ] --END-- [ RunTime:0.001060s ]
NOTIC: [8192] preg_replace(): The /e modifier is deprecated, use preg_replace_callback instead /Users/dingyou/server/zebra/ThinkPHP/Lib/Core/Dispatcher.class.php 第 132 行.
INFO: [ app_begin ] --START--
INFO: ReadHtmlCache Behavior ::run [ RunTime:0.000723s ]
INFO: [ app_begin ] --END-- [ RunTime:0.000863s ]
NOTIC: [8192] mysql_connect(): The mysql extension is deprecated and will be removed in the future: use mysqli or PDO instead /Users/dingyou/server/zebra/ThinkPHP/Lib/Driver/Db/DbMysql.class.php 第 55 行.
SQL: SHOW COLUMNS FROM `zebra_user` [ RunTime:0.006937s ]
NOTIC: [8192] preg_replace(): The /e modifier is deprecated, use preg_replace_callback instead /Users/dingyou/server/zebra/ThinkPHP/Lib/Core/Db.class.php 第 605 行.
SQL: SELECT `user_id` FROM `zebra_user`  [ RunTime:0.005489s ]
SQL: INSERT INTO `zebra_user` (`user_name`,`nick_name`,`password`,`sex`,`home_town`) VALUES ('ed412588','','64a1ab6e38e269b4eadc7bd466710c0d',0,'') [ RunTime:0.003769s ]
ERR: 1062:Duplicate entry 'ed412588' for key 'user_name'
 [ SQL语句 ] : INSERT INTO `zebra_user` (`user_name`,`nick_name`,`password`,`sex`,`home_town`) VALUES ('ed412588','','64a1ab6e38e269b4eadc7bd466710c0d',0,'')
NOTIC: [2] Cannot modify header information - headers already sent by (output started at /Users/dingyou/server/zebra/Index/Lib/Action/userAction.class.php:93) /Users/dingyou/server/zebra/ThinkPHP/Lib/Core/Action.class.php 第 321 行.

[ 2015-03-27T15:33:12+08:00 ] 0.0.0.0 /zebra/index.php/user/register/user_name/ed412588
INFO: [ route_check ] --START--
INFO: CheckRoute Behavior ::run [ RunTime:0.001264s ]
INFO: [ route_check ] --END-- [ RunTime:0.001368s ]
NOTIC: [8192] preg_replace(): The /e modifier is deprecated, use preg_replace_callback instead /Users/dingyou/server/zebra/ThinkPHP/Lib/Core/Dispatcher.class.php 第 132 行.
INFO: [ app_begin ] --START--
INFO: ReadHtmlCache Behavior ::run [ RunTime:0.002480s ]
INFO: [ app_begin ] --END-- [ RunTime:0.002919s ]
NOTIC: [8192] mysql_connect(): The mysql extension is deprecated and will be removed in the future: use mysqli or PDO instead /Users/dingyou/server/zebra/ThinkPHP/Lib/Driver/Db/DbMysql.class.php 第 55 行.
SQL: SHOW COLUMNS FROM `zebra_user` [ RunTime:0.005706s ]
NOTIC: [8192] preg_replace(): The /e modifier is deprecated, use preg_replace_callback instead /Users/dingyou/server/zebra/ThinkPHP/Lib/Core/Db.class.php 第 605 行.
SQL: SELECT `user_id` FROM `zebra_user` WHERE ( user_name='ed412588' )  [ RunTime:0.000443s ]
SQL: INSERT INTO `zebra_user` (`user_name`,`nick_name`,`password`,`sex`,`home_town`) VALUES ('ed412588','','64a1ab6e38e269b4eadc7bd466710c0d',0,'') [ RunTime:0.002633s ]
ERR: 1062:Duplicate entry 'ed412588' for key 'user_name'
 [ SQL语句 ] : INSERT INTO `zebra_user` (`user_name`,`nick_name`,`password`,`sex`,`home_town`) VALUES ('ed412588','','64a1ab6e38e269b4eadc7bd466710c0d',0,'')

[ 2015-03-27T15:33:58+08:00 ] 0.0.0.0 /zebra/index.php/user/register/user_name/ed412588
INFO: [ route_check ] --START--
INFO: CheckRoute Behavior ::run [ RunTime:0.002203s ]
INFO: [ route_check ] --END-- [ RunTime:0.003110s ]
NOTIC: [8192] preg_replace(): The /e modifier is deprecated, use preg_replace_callback instead /Users/dingyou/server/zebra/ThinkPHP/Lib/Core/Dispatcher.class.php 第 132 行.
INFO: [ app_begin ] --START--
INFO: ReadHtmlCache Behavior ::run [ RunTime:0.001262s ]
INFO: [ app_begin ] --END-- [ RunTime:0.002290s ]
NOTIC: [8192] mysql_connect(): The mysql extension is deprecated and will be removed in the future: use mysqli or PDO instead /Users/dingyou/server/zebra/ThinkPHP/Lib/Driver/Db/DbMysql.class.php 第 55 行.
SQL: SHOW COLUMNS FROM `zebra_user` [ RunTime:0.002951s ]
NOTIC: [8192] preg_replace(): The /e modifier is deprecated, use preg_replace_callback instead /Users/dingyou/server/zebra/ThinkPHP/Lib/Core/Db.class.php 第 605 行.
SQL: SELECT `user_id` FROM `zebra_user` WHERE ( `user_name` = 'ed412588' )  [ RunTime:0.000277s ]
SQL: INSERT INTO `zebra_user` (`user_name`,`nick_name`,`password`,`sex`,`home_town`) VALUES ('ed412588','','64a1ab6e38e269b4eadc7bd466710c0d',0,'') [ RunTime:0.001748s ]
ERR: 1062:Duplicate entry 'ed412588' for key 'user_name'
 [ SQL语句 ] : INSERT INTO `zebra_user` (`user_name`,`nick_name`,`password`,`sex`,`home_town`) VALUES ('ed412588','','64a1ab6e38e269b4eadc7bd466710c0d',0,'')

[ 2015-03-27T15:37:52+08:00 ] 0.0.0.0 /zebra/index.php/user/register/user_name/ed412588
INFO: [ route_check ] --START--
INFO: CheckRoute Behavior ::run [ RunTime:0.002254s ]
INFO: [ route_check ] --END-- [ RunTime:0.003051s ]
NOTIC: [8192] preg_replace(): The /e modifier is deprecated, use preg_replace_callback instead /Users/dingyou/server/zebra/ThinkPHP/Lib/Core/Dispatcher.class.php 第 132 行.
INFO: [ app_begin ] --START--
INFO: ReadHtmlCache Behavior ::run [ RunTime:0.000823s ]
INFO: [ app_begin ] --END-- [ RunTime:0.001830s ]
NOTIC: [8192] mysql_connect(): The mysql extension is deprecated and will be removed in the future: use mysqli or PDO instead /Users/dingyou/server/zebra/ThinkPHP/Lib/Driver/Db/DbMysql.class.php 第 55 行.
SQL: SHOW COLUMNS FROM `zebra_user` [ RunTime:0.006049s ]
NOTIC: [8192] preg_replace(): The /e modifier is deprecated, use preg_replace_callback instead /Users/dingyou/server/zebra/ThinkPHP/Lib/Core/Db.class.php 第 605 行.
SQL: SELECT * FROM `zebra_user` WHERE ( `user_name` = 'ed412588' ) LIMIT 1   [ RunTime:0.001089s ]

[ 2015-03-27T15:38:08+08:00 ] 0.0.0.0 /zebra/index.php/user/register/user_name/ed412588
INFO: [ route_check ] --START--
INFO: CheckRoute Behavior ::run [ RunTime:0.000983s ]
INFO: [ route_check ] --END-- [ RunTime:0.001063s ]
NOTIC: [8192] preg_replace(): The /e modifier is deprecated, use preg_replace_callback instead /Users/dingyou/server/zebra/ThinkPHP/Lib/Core/Dispatcher.class.php 第 132 行.
INFO: [ app_begin ] --START--
INFO: ReadHtmlCache Behavior ::run [ RunTime:0.000719s ]
INFO: [ app_begin ] --END-- [ RunTime:0.000780s ]
NOTIC: [8192] mysql_connect(): The mysql extension is deprecated and will be removed in the future: use mysqli or PDO instead /Users/dingyou/server/zebra/ThinkPHP/Lib/Driver/Db/DbMysql.class.php 第 55 行.
SQL: SHOW COLUMNS FROM `zebra_user` [ RunTime:0.003690s ]
NOTIC: [8192] preg_replace(): The /e modifier is deprecated, use preg_replace_callback instead /Users/dingyou/server/zebra/ThinkPHP/Lib/Core/Db.class.php 第 605 行.
SQL: SELECT * FROM `zebra_user` WHERE ( `user_name` = 'ed412588' ) LIMIT 1   [ RunTime:0.000778s ]

[ 2015-03-27T15:38:50+08:00 ] 0.0.0.0 /zebra/index.php/user/register/user_name/ed4125888/nick_name/dashabi/password/12345678/sex/1/home_town/beijing
INFO: [ route_check ] --START--
INFO: CheckRoute Behavior ::run [ RunTime:0.000632s ]
INFO: [ route_check ] --END-- [ RunTime:0.000724s ]
NOTIC: [8192] preg_replace(): The /e modifier is deprecated, use preg_replace_callback instead /Users/dingyou/server/zebra/ThinkPHP/Lib/Core/Dispatcher.class.php 第 132 行.
INFO: [ app_begin ] --START--
INFO: ReadHtmlCache Behavior ::run [ RunTime:0.000329s ]
INFO: [ app_begin ] --END-- [ RunTime:0.000373s ]
NOTIC: [8192] mysql_connect(): The mysql extension is deprecated and will be removed in the future: use mysqli or PDO instead /Users/dingyou/server/zebra/ThinkPHP/Lib/Driver/Db/DbMysql.class.php 第 55 行.
SQL: SHOW COLUMNS FROM `zebra_user` [ RunTime:0.002394s ]
NOTIC: [8192] preg_replace(): The /e modifier is deprecated, use preg_replace_callback instead /Users/dingyou/server/zebra/ThinkPHP/Lib/Core/Db.class.php 第 605 行.
SQL: SELECT * FROM `zebra_user` WHERE ( `user_name` = 'ed4125888' ) LIMIT 1   [ RunTime:0.000882s ]
SQL: INSERT INTO `zebra_user` (`user_name`,`nick_name`,`password`,`sex`,`home_town`) VALUES ('ed4125888','dashabi','e0ffaf3d28136eb9e364ffe34fa5e614',1,'beijing') [ RunTime:0.013075s ]

[ 2015-03-27T15:41:25+08:00 ] 0.0.0.0 /zebra/index.php/user/register/user_name/ed41258888/nick_name/dashabi/password/12345678/sex/1/home_town/beijing
INFO: [ route_check ] --START--
INFO: CheckRoute Behavior ::run [ RunTime:0.001234s ]
INFO: [ route_check ] --END-- [ RunTime:0.001346s ]
NOTIC: [8192] preg_replace(): The /e modifier is deprecated, use preg_replace_callback instead /Users/dingyou/server/zebra/ThinkPHP/Lib/Core/Dispatcher.class.php 第 132 行.
INFO: [ app_begin ] --START--
INFO: ReadHtmlCache Behavior ::run [ RunTime:0.000868s ]
INFO: [ app_begin ] --END-- [ RunTime:0.000981s ]
NOTIC: [8192] mysql_connect(): The mysql extension is deprecated and will be removed in the future: use mysqli or PDO instead /Users/dingyou/server/zebra/ThinkPHP/Lib/Driver/Db/DbMysql.class.php 第 55 行.
SQL: SHOW COLUMNS FROM `zebra_user` [ RunTime:0.005075s ]
NOTIC: [8192] preg_replace(): The /e modifier is deprecated, use preg_replace_callback instead /Users/dingyou/server/zebra/ThinkPHP/Lib/Core/Db.class.php 第 605 行.
SQL: SELECT * FROM `zebra_user` WHERE ( `user_name` = 'ed41258888' ) LIMIT 1   [ RunTime:0.000582s ]

[ 2015-03-27T15:41:55+08:00 ] 0.0.0.0 /zebra/index.php/user/register/user_name/test1/nick_name/test1/password/12345678/sex/1/home_town/beijing
INFO: [ route_check ] --START--
INFO: CheckRoute Behavior ::run [ RunTime:0.000549s ]
INFO: [ route_check ] --END-- [ RunTime:0.000620s ]
NOTIC: [8192] preg_replace(): The /e modifier is deprecated, use preg_replace_callback instead /Users/dingyou/server/zebra/ThinkPHP/Lib/Core/Dispatcher.class.php 第 132 行.
INFO: [ app_begin ] --START--
INFO: ReadHtmlCache Behavior ::run [ RunTime:0.000367s ]
INFO: [ app_begin ] --END-- [ RunTime:0.000416s ]
NOTIC: [8192] mysql_connect(): The mysql extension is deprecated and will be removed in the future: use mysqli or PDO instead /Users/dingyou/server/zebra/ThinkPHP/Lib/Driver/Db/DbMysql.class.php 第 55 行.
SQL: SHOW COLUMNS FROM `zebra_user` [ RunTime:0.002272s ]
NOTIC: [8192] preg_replace(): The /e modifier is deprecated, use preg_replace_callback instead /Users/dingyou/server/zebra/ThinkPHP/Lib/Core/Db.class.php 第 605 行.
SQL: SELECT * FROM `zebra_user` WHERE ( `user_name` = 'test1' ) LIMIT 1   [ RunTime:0.000488s ]
SQL: INSERT INTO `zebra_user` (`user_name`,`nick_name`,`password`,`sex`,`home_town`) VALUES ('test1','test1','e0ffaf3d28136eb9e364ffe34fa5e614',1,'beijing') [ RunTime:0.002179s ]

[ 2015-03-27T15:47:48+08:00 ] 0.0.0.0 /zebra/index.php/user/register/user_name/test1/nick_name/test1/password/12345678/sex/1/home_town/beijing
INFO: [ route_check ] --START--
INFO: CheckRoute Behavior ::run [ RunTime:0.000974s ]
INFO: [ route_check ] --END-- [ RunTime:0.001042s ]
NOTIC: [8192] preg_replace(): The /e modifier is deprecated, use preg_replace_callback instead /Users/dingyou/server/zebra/ThinkPHP/Lib/Core/Dispatcher.class.php 第 132 行.
INFO: [ app_begin ] --START--
INFO: ReadHtmlCache Behavior ::run [ RunTime:0.000618s ]
INFO: [ app_begin ] --END-- [ RunTime:0.000665s ]
NOTIC: [8192] mysql_connect(): The mysql extension is deprecated and will be removed in the future: use mysqli or PDO instead /Users/dingyou/server/zebra/ThinkPHP/Lib/Driver/Db/DbMysql.class.php 第 55 行.
SQL: SHOW COLUMNS FROM `zebra_user` [ RunTime:0.004557s ]
NOTIC: [8192] preg_replace(): The /e modifier is deprecated, use preg_replace_callback instead /Users/dingyou/server/zebra/ThinkPHP/Lib/Core/Db.class.php 第 605 行.
SQL: SELECT * FROM `zebra_user` WHERE ( `user_name` = 'test1' ) LIMIT 1   [ RunTime:0.001087s ]

[ 2015-03-27T15:48:01+08:00 ] 0.0.0.0 /zebra/index.php/user/register/user_name/test2/nick_name/test2/password/12345678/sex/1/home_town/beijing
INFO: [ route_check ] --START--
INFO: CheckRoute Behavior ::run [ RunTime:0.001977s ]
INFO: [ route_check ] --END-- [ RunTime:0.002535s ]
NOTIC: [8192] preg_replace(): The /e modifier is deprecated, use preg_replace_callback instead /Users/dingyou/server/zebra/ThinkPHP/Lib/Core/Dispatcher.class.php 第 132 行.
INFO: [ app_begin ] --START--
INFO: ReadHtmlCache Behavior ::run [ RunTime:0.001430s ]
INFO: [ app_begin ] --END-- [ RunTime:0.001501s ]
NOTIC: [8192] mysql_connect(): The mysql extension is deprecated and will be removed in the future: use mysqli or PDO instead /Users/dingyou/server/zebra/ThinkPHP/Lib/Driver/Db/DbMysql.class.php 第 55 行.
SQL: SHOW COLUMNS FROM `zebra_user` [ RunTime:0.002133s ]
NOTIC: [8192] preg_replace(): The /e modifier is deprecated, use preg_replace_callback instead /Users/dingyou/server/zebra/ThinkPHP/Lib/Core/Db.class.php 第 605 行.
SQL: SELECT * FROM `zebra_user` WHERE ( `user_name` = 'test2' ) LIMIT 1   [ RunTime:0.000550s ]
SQL: INSERT INTO `zebra_user` (`user_name`,`nick_name`,`password`,`sex`,`home_town`) VALUES ('test2','test2','e0ffaf3d28136eb9e364ffe34fa5e614',1,'beijing') [ RunTime:0.001990s ]

[ 2015-03-27T15:48:11+08:00 ] 0.0.0.0 /zebra/index.php/user/view/user_id/1049
INFO: [ route_check ] --START--
INFO: CheckRoute Behavior ::run [ RunTime:0.000972s ]
INFO: [ route_check ] --END-- [ RunTime:0.001055s ]
NOTIC: [8192] preg_replace(): The /e modifier is deprecated, use preg_replace_callback instead /Users/dingyou/server/zebra/ThinkPHP/Lib/Core/Dispatcher.class.php 第 132 行.
INFO: [ app_begin ] --START--
INFO: ReadHtmlCache Behavior ::run [ RunTime:0.000609s ]
INFO: [ app_begin ] --END-- [ RunTime:0.000664s ]
NOTIC: [8192] mysql_connect(): The mysql extension is deprecated and will be removed in the future: use mysqli or PDO instead /Users/dingyou/server/zebra/ThinkPHP/Lib/Driver/Db/DbMysql.class.php 第 55 行.
SQL: SHOW COLUMNS FROM `zebra_user` [ RunTime:0.002121s ]
NOTIC: [8192] preg_replace(): The /e modifier is deprecated, use preg_replace_callback instead /Users/dingyou/server/zebra/ThinkPHP/Lib/Core/Db.class.php 第 605 行.
SQL: SELECT user.*,subject.subject_name,country.country_name,experience.experience_name,background.background_name FROM `zebra_user` `user`,`zebra_subject` `subject`,`zebra_country` `country`,`zebra_experience` `experience`,`zebra_background` `background` WHERE ( user.country_id=country.country_id AND user.subject_id=subject.subject_id AND user.experience_id=experience.experience_id AND user.background_id=background.background_id AND user_id=1049 )  [ RunTime:0.016153s ]

[ 2015-03-27T15:55:49+08:00 ] 0.0.0.0 /zebra/index.php/user/usernamelogin/user_name/ed4125888/password/12312312
INFO: [ route_check ] --START--
INFO: CheckRoute Behavior ::run [ RunTime:0.001010s ]
INFO: [ route_check ] --END-- [ RunTime:0.001099s ]
NOTIC: [8192] preg_replace(): The /e modifier is deprecated, use preg_replace_callback instead /Users/dingyou/server/zebra/ThinkPHP/Lib/Core/Dispatcher.class.php 第 132 行.
INFO: [ app_begin ] --START--
INFO: ReadHtmlCache Behavior ::run [ RunTime:0.000693s ]
INFO: [ app_begin ] --END-- [ RunTime:0.000783s ]
NOTIC: [8192] mysql_connect(): The mysql extension is deprecated and will be removed in the future: use mysqli or PDO instead /Users/dingyou/server/zebra/ThinkPHP/Lib/Driver/Db/DbMysql.class.php 第 55 行.
SQL: SHOW COLUMNS FROM `zebra_user` [ RunTime:0.004295s ]
NOTIC: [8192] preg_replace(): The /e modifier is deprecated, use preg_replace_callback instead /Users/dingyou/server/zebra/ThinkPHP/Lib/Core/Db.class.php 第 605 行.
SQL: SELECT `user_id` FROM `zebra_user` WHERE ( `user_name` = 'ed4125888' ) AND ( `password` = 'a605214e96c20ab837acc8973b9732b9' ) LIMIT 1   [ RunTime:0.000647s ]

[ 2015-03-27T15:56:08+08:00 ] 0.0.0.0 /zebra/index.php/user/usernamelogin/user_name/ed4125888/password/12312312
INFO: [ route_check ] --START--
INFO: CheckRoute Behavior ::run [ RunTime:0.001111s ]
INFO: [ route_check ] --END-- [ RunTime:0.001196s ]
NOTIC: [8192] preg_replace(): The /e modifier is deprecated, use preg_replace_callback instead /Users/dingyou/server/zebra/ThinkPHP/Lib/Core/Dispatcher.class.php 第 132 行.
INFO: [ app_begin ] --START--
INFO: ReadHtmlCache Behavior ::run [ RunTime:0.000662s ]
INFO: [ app_begin ] --END-- [ RunTime:0.000724s ]
NOTIC: [8192] mysql_connect(): The mysql extension is deprecated and will be removed in the future: use mysqli or PDO instead /Users/dingyou/server/zebra/ThinkPHP/Lib/Driver/Db/DbMysql.class.php 第 55 行.
SQL: SHOW COLUMNS FROM `zebra_user` [ RunTime:0.001527s ]
NOTIC: [8192] preg_replace(): The /e modifier is deprecated, use preg_replace_callback instead /Users/dingyou/server/zebra/ThinkPHP/Lib/Core/Db.class.php 第 605 行.
SQL: SELECT `user_id` FROM `zebra_user` WHERE ( `user_name` = 'ed4125888' ) AND ( `password` = 'a605214e96c20ab837acc8973b9732b9' ) LIMIT 1   [ RunTime:0.000367s ]

[ 2015-03-27T15:56:15+08:00 ] 0.0.0.0 /zebra/index.php/user/usernamelogin/user_name/ed4125888/password/123456
INFO: [ route_check ] --START--
INFO: CheckRoute Behavior ::run [ RunTime:0.000719s ]
INFO: [ route_check ] --END-- [ RunTime:0.000842s ]
NOTIC: [8192] preg_replace(): The /e modifier is deprecated, use preg_replace_callback instead /Users/dingyou/server/zebra/ThinkPHP/Lib/Core/Dispatcher.class.php 第 132 行.
INFO: [ app_begin ] --START--
INFO: ReadHtmlCache Behavior ::run [ RunTime:0.000376s ]
INFO: [ app_begin ] --END-- [ RunTime:0.000433s ]
NOTIC: [8192] mysql_connect(): The mysql extension is deprecated and will be removed in the future: use mysqli or PDO instead /Users/dingyou/server/zebra/ThinkPHP/Lib/Driver/Db/DbMysql.class.php 第 55 行.
SQL: SHOW COLUMNS FROM `zebra_user` [ RunTime:0.002409s ]
NOTIC: [8192] preg_replace(): The /e modifier is deprecated, use preg_replace_callback instead /Users/dingyou/server/zebra/ThinkPHP/Lib/Core/Db.class.php 第 605 行.
SQL: SELECT `user_id` FROM `zebra_user` WHERE ( `user_name` = 'ed4125888' ) AND ( `password` = '105977519f877afb1ea6303ff4a0cec6' ) LIMIT 1   [ RunTime:0.000867s ]

[ 2015-03-27T15:56:20+08:00 ] 0.0.0.0 /zebra/index.php/user/usernamelogin/user_name/ed4125888/password/12345678
INFO: [ route_check ] --START--
INFO: CheckRoute Behavior ::run [ RunTime:0.000577s ]
INFO: [ route_check ] --END-- [ RunTime:0.000654s ]
NOTIC: [8192] preg_replace(): The /e modifier is deprecated, use preg_replace_callback instead /Users/dingyou/server/zebra/ThinkPHP/Lib/Core/Dispatcher.class.php 第 132 行.
INFO: [ app_begin ] --START--
INFO: ReadHtmlCache Behavior ::run [ RunTime:0.000369s ]
INFO: [ app_begin ] --END-- [ RunTime:0.000427s ]
NOTIC: [8192] mysql_connect(): The mysql extension is deprecated and will be removed in the future: use mysqli or PDO instead /Users/dingyou/server/zebra/ThinkPHP/Lib/Driver/Db/DbMysql.class.php 第 55 行.
SQL: SHOW COLUMNS FROM `zebra_user` [ RunTime:0.002258s ]
NOTIC: [8192] preg_replace(): The /e modifier is deprecated, use preg_replace_callback instead /Users/dingyou/server/zebra/ThinkPHP/Lib/Core/Db.class.php 第 605 行.
SQL: SELECT `user_id` FROM `zebra_user` WHERE ( `user_name` = 'ed4125888' ) AND ( `password` = 'e0ffaf3d28136eb9e364ffe34fa5e614' ) LIMIT 1   [ RunTime:0.000327s ]

[ 2015-03-27T15:57:35+08:00 ] 0.0.0.0 /zebra/index.php/user/usernamelogin/user_name/ed4125888/password/12345678
INFO: [ route_check ] --START--
INFO: CheckRoute Behavior ::run [ RunTime:0.001297s ]
INFO: [ route_check ] --END-- [ RunTime:0.001433s ]
NOTIC: [8192] preg_replace(): The /e modifier is deprecated, use preg_replace_callback instead /Users/dingyou/server/zebra/ThinkPHP/Lib/Core/Dispatcher.class.php 第 132 行.
INFO: [ app_begin ] --START--
INFO: ReadHtmlCache Behavior ::run [ RunTime:0.000723s ]
INFO: [ app_begin ] --END-- [ RunTime:0.000786s ]
NOTIC: [8192] mysql_connect(): The mysql extension is deprecated and will be removed in the future: use mysqli or PDO instead /Users/dingyou/server/zebra/ThinkPHP/Lib/Driver/Db/DbMysql.class.php 第 55 行.
SQL: SHOW COLUMNS FROM `zebra_user` [ RunTime:0.002987s ]
NOTIC: [8192] preg_replace(): The /e modifier is deprecated, use preg_replace_callback instead /Users/dingyou/server/zebra/ThinkPHP/Lib/Core/Db.class.php 第 605 行.
SQL: SELECT `user_id` FROM `zebra_user` WHERE ( `user_name` = 'ed4125888' ) AND ( `password` = 'e0ffaf3d28136eb9e364ffe34fa5e614' ) LIMIT 1   [ RunTime:0.000406s ]

[ 2015-03-27T15:58:29+08:00 ] 0.0.0.0 /zebra/index.php/user/usernamelogin/user_name/ed4125888/password/12345678
INFO: [ route_check ] --START--
INFO: CheckRoute Behavior ::run [ RunTime:0.000517s ]
INFO: [ route_check ] --END-- [ RunTime:0.000605s ]
NOTIC: [8192] preg_replace(): The /e modifier is deprecated, use preg_replace_callback instead /Users/dingyou/server/zebra/ThinkPHP/Lib/Core/Dispatcher.class.php 第 132 行.
INFO: [ app_begin ] --START--
INFO: ReadHtmlCache Behavior ::run [ RunTime:0.000402s ]
INFO: [ app_begin ] --END-- [ RunTime:0.000476s ]
NOTIC: [8192] mysql_connect(): The mysql extension is deprecated and will be removed in the future: use mysqli or PDO instead /Users/dingyou/server/zebra/ThinkPHP/Lib/Driver/Db/DbMysql.class.php 第 55 行.
SQL: SHOW COLUMNS FROM `zebra_user` [ RunTime:0.002414s ]
NOTIC: [8192] preg_replace(): The /e modifier is deprecated, use preg_replace_callback instead /Users/dingyou/server/zebra/ThinkPHP/Lib/Core/Db.class.php 第 605 行.
SQL: SELECT `user_id` FROM `zebra_user` WHERE ( `user_name` = 'ed4125888' ) AND ( `password` = 'e0ffaf3d28136eb9e364ffe34fa5e614' ) LIMIT 1   [ RunTime:0.000364s ]

[ 2015-03-27T16:01:12+08:00 ] 0.0.0.0 /zebra/index.php/user/emaillogin/email/zergzealot@msn.com/password/12345678
INFO: [ route_check ] --START--
INFO: CheckRoute Behavior ::run [ RunTime:0.001011s ]
INFO: [ route_check ] --END-- [ RunTime:0.001097s ]
NOTIC: [8192] preg_replace(): The /e modifier is deprecated, use preg_replace_callback instead /Users/dingyou/server/zebra/ThinkPHP/Lib/Core/Dispatcher.class.php 第 132 行.
INFO: [ app_begin ] --START--
INFO: ReadHtmlCache Behavior ::run [ RunTime:0.000742s ]
INFO: [ app_begin ] --END-- [ RunTime:0.000801s ]
NOTIC: [8192] mysql_connect(): The mysql extension is deprecated and will be removed in the future: use mysqli or PDO instead /Users/dingyou/server/zebra/ThinkPHP/Lib/Driver/Db/DbMysql.class.php 第 55 行.
SQL: SHOW COLUMNS FROM `zebra_user` [ RunTime:0.003473s ]
NOTIC: [8192] preg_replace(): The /e modifier is deprecated, use preg_replace_callback instead /Users/dingyou/server/zebra/ThinkPHP/Lib/Core/Db.class.php 第 605 行.
SQL: SELECT `user_id` FROM `zebra_user` WHERE ( `email` = 'zergzealot@msn.com' ) AND ( `password` = 'e0ffaf3d28136eb9e364ffe34fa5e614' ) LIMIT 1   [ RunTime:0.001292s ]

[ 2015-03-27T16:02:57+08:00 ] 0.0.0.0 /zebra/index.php/user/emaillogin/email/ed412588@hotmail.com/password/12345678
INFO: [ route_check ] --START--
INFO: CheckRoute Behavior ::run [ RunTime:0.000981s ]
INFO: [ route_check ] --END-- [ RunTime:0.001059s ]
NOTIC: [8192] preg_replace(): The /e modifier is deprecated, use preg_replace_callback instead /Users/dingyou/server/zebra/ThinkPHP/Lib/Core/Dispatcher.class.php 第 132 行.
INFO: [ app_begin ] --START--
INFO: ReadHtmlCache Behavior ::run [ RunTime:0.000656s ]
INFO: [ app_begin ] --END-- [ RunTime:0.000718s ]
NOTIC: [8192] mysql_connect(): The mysql extension is deprecated and will be removed in the future: use mysqli or PDO instead /Users/dingyou/server/zebra/ThinkPHP/Lib/Driver/Db/DbMysql.class.php 第 55 行.
SQL: SHOW COLUMNS FROM `zebra_user` [ RunTime:0.002920s ]
NOTIC: [8192] preg_replace(): The /e modifier is deprecated, use preg_replace_callback instead /Users/dingyou/server/zebra/ThinkPHP/Lib/Core/Db.class.php 第 605 行.
SQL: SELECT `user_id` FROM `zebra_user` WHERE ( `email` = 'ed412588@hotmail.com' ) AND ( `password` = 'e0ffaf3d28136eb9e364ffe34fa5e614' ) LIMIT 1   [ RunTime:0.000299s ]

[ 2015-03-27T16:04:28+08:00 ] 0.0.0.0 /zebra/index.php/user/emaillogin/email/ed412588@hotmail.com/password/12345678
INFO: [ route_check ] --START--
INFO: CheckRoute Behavior ::run [ RunTime:0.000520s ]
INFO: [ route_check ] --END-- [ RunTime:0.000593s ]
NOTIC: [8192] preg_replace(): The /e modifier is deprecated, use preg_replace_callback instead /Users/dingyou/server/zebra/ThinkPHP/Lib/Core/Dispatcher.class.php 第 132 行.
INFO: [ app_begin ] --START--
INFO: ReadHtmlCache Behavior ::run [ RunTime:0.000317s ]
INFO: [ app_begin ] --END-- [ RunTime:0.000377s ]
NOTIC: [8192] mysql_connect(): The mysql extension is deprecated and will be removed in the future: use mysqli or PDO instead /Users/dingyou/server/zebra/ThinkPHP/Lib/Driver/Db/DbMysql.class.php 第 55 行.
SQL: SHOW COLUMNS FROM `zebra_user` [ RunTime:0.002664s ]
NOTIC: [8192] preg_replace(): The /e modifier is deprecated, use preg_replace_callback instead /Users/dingyou/server/zebra/ThinkPHP/Lib/Core/Db.class.php 第 605 行.
SQL: SELECT `user_id` FROM `zebra_user` WHERE ( `email` = 'ed412588@hotmail.com' ) AND ( `password` = 'e0ffaf3d28136eb9e364ffe34fa5e614' ) LIMIT 1   [ RunTime:0.000332s ]

