[ 2015-03-31T10:06:12+08:00 ] 0.0.0.0 /zebra/index.php/subject/viewall
INFO: [ route_check ] --START--
INFO: CheckRoute Behavior ::run [ RunTime:0.002586s ]
INFO: [ route_check ] --END-- [ RunTime:0.004856s ]
NOTIC: [8192] preg_replace(): The /e modifier is deprecated, use preg_replace_callback instead /Users/dingyou/server/zebra/ThinkPHP/Lib/Core/Dispatcher.class.php 第 132 行.
INFO: [ app_begin ] --START--
INFO: ReadHtmlCache Behavior ::run [ RunTime:0.002028s ]
INFO: [ app_begin ] --END-- [ RunTime:0.002111s ]
NOTIC: [8192] mysql_connect(): The mysql extension is deprecated and will be removed in the future: use mysqli or PDO instead /Users/dingyou/server/zebra/ThinkPHP/Lib/Driver/Db/DbMysql.class.php 第 55 行.
SQL: SHOW COLUMNS FROM `zebra_subject` [ RunTime:0.057437s ]
NOTIC: [8192] preg_replace(): The /e modifier is deprecated, use preg_replace_callback instead /Users/dingyou/server/zebra/ThinkPHP/Lib/Core/Db.class.php 第 605 行.
SQL: SELECT * FROM `zebra_subject`  [ RunTime:0.013952s ]

[ 2015-03-31T18:32:34+08:00 ] 0.0.0.0 /zebra/?XDEBUG_SESSION_START=netbeans-xdebug
INFO: [ app_begin ] --START--
INFO: ReadHtmlCache Behavior ::run [ RunTime:0.003118s ]
INFO: [ app_begin ] --END-- [ RunTime:0.003425s ]
ERR: 无法加载模块:Index

[ 2015-03-31T18:32:35+08:00 ] 0.0.0.0 /zebra/?XDEBUG_SESSION_START=netbeans-xdebug
INFO: [ app_begin ] --START--
INFO: ReadHtmlCache Behavior ::run [ RunTime:0.000676s ]
INFO: [ app_begin ] --END-- [ RunTime:0.000807s ]
ERR: 无法加载模块:Index

